   1              		.syntax unified
   2              		.cpu cortex-m4
   3              		.eabi_attribute 27, 3
   4              		.fpu fpv4-sp-d16
   5              		.eabi_attribute 20, 1
   6              		.eabi_attribute 21, 1
   7              		.eabi_attribute 23, 3
   8              		.eabi_attribute 24, 1
   9              		.eabi_attribute 25, 1
  10              		.eabi_attribute 26, 1
  11              		.eabi_attribute 30, 6
  12              		.eabi_attribute 34, 1
  13              		.eabi_attribute 18, 4
  14              		.thumb
  15              		.file	"stm32f4xx_crc.c"
  16              		.text
  17              	.Ltext0:
  18              		.cfi_sections	.debug_frame
  19              		.section	.text.CRC_ResetDR,"ax",%progbits
  20              		.align	2
  21              		.global	CRC_ResetDR
  22              		.thumb
  23              		.thumb_func
  25              	CRC_ResetDR:
  26              	.LFB110:
  27              		.file 1 "libs/STM32F4xx_StdPeriph_Driver/src/stm32f4xx_crc.c"
   1:libs/STM32F4xx_StdPeriph_Driver/src/stm32f4xx_crc.c **** /**
   2:libs/STM32F4xx_StdPeriph_Driver/src/stm32f4xx_crc.c ****   ******************************************************************************
   3:libs/STM32F4xx_StdPeriph_Driver/src/stm32f4xx_crc.c ****   * @file    stm32f4xx_crc.c
   4:libs/STM32F4xx_StdPeriph_Driver/src/stm32f4xx_crc.c ****   * @author  MCD Application Team
   5:libs/STM32F4xx_StdPeriph_Driver/src/stm32f4xx_crc.c ****   * @version V1.0.0RC1
   6:libs/STM32F4xx_StdPeriph_Driver/src/stm32f4xx_crc.c ****   * @date    25-August-2011
   7:libs/STM32F4xx_StdPeriph_Driver/src/stm32f4xx_crc.c ****   * @brief   This file provides all the CRC firmware functions.
   8:libs/STM32F4xx_StdPeriph_Driver/src/stm32f4xx_crc.c ****   ******************************************************************************
   9:libs/STM32F4xx_StdPeriph_Driver/src/stm32f4xx_crc.c ****   * @attention
  10:libs/STM32F4xx_StdPeriph_Driver/src/stm32f4xx_crc.c ****   *
  11:libs/STM32F4xx_StdPeriph_Driver/src/stm32f4xx_crc.c ****   * THE PRESENT FIRMWARE WHICH IS FOR GUIDANCE ONLY AIMS AT PROVIDING CUSTOMERS
  12:libs/STM32F4xx_StdPeriph_Driver/src/stm32f4xx_crc.c ****   * WITH CODING INFORMATION REGARDING THEIR PRODUCTS IN ORDER FOR THEM TO SAVE
  13:libs/STM32F4xx_StdPeriph_Driver/src/stm32f4xx_crc.c ****   * TIME. AS A RESULT, STMICROELECTRONICS SHALL NOT BE HELD LIABLE FOR ANY
  14:libs/STM32F4xx_StdPeriph_Driver/src/stm32f4xx_crc.c ****   * DIRECT, INDIRECT OR CONSEQUENTIAL DAMAGES WITH RESPECT TO ANY CLAIMS ARISING
  15:libs/STM32F4xx_StdPeriph_Driver/src/stm32f4xx_crc.c ****   * FROM THE CONTENT OF SUCH FIRMWARE AND/OR THE USE MADE BY CUSTOMERS OF THE
  16:libs/STM32F4xx_StdPeriph_Driver/src/stm32f4xx_crc.c ****   * CODING INFORMATION CONTAINED HEREIN IN CONNECTION WITH THEIR PRODUCTS.
  17:libs/STM32F4xx_StdPeriph_Driver/src/stm32f4xx_crc.c ****   *
  18:libs/STM32F4xx_StdPeriph_Driver/src/stm32f4xx_crc.c ****   * <h2><center>&copy; COPYRIGHT 2011 STMicroelectronics</center></h2>
  19:libs/STM32F4xx_StdPeriph_Driver/src/stm32f4xx_crc.c ****   ******************************************************************************
  20:libs/STM32F4xx_StdPeriph_Driver/src/stm32f4xx_crc.c ****   */
  21:libs/STM32F4xx_StdPeriph_Driver/src/stm32f4xx_crc.c **** 
  22:libs/STM32F4xx_StdPeriph_Driver/src/stm32f4xx_crc.c **** /* Includes ------------------------------------------------------------------*/
  23:libs/STM32F4xx_StdPeriph_Driver/src/stm32f4xx_crc.c **** #include "stm32f4xx_crc.h"
  24:libs/STM32F4xx_StdPeriph_Driver/src/stm32f4xx_crc.c **** 
  25:libs/STM32F4xx_StdPeriph_Driver/src/stm32f4xx_crc.c **** /** @addtogroup STM32F4xx_StdPeriph_Driver
  26:libs/STM32F4xx_StdPeriph_Driver/src/stm32f4xx_crc.c ****   * @{
  27:libs/STM32F4xx_StdPeriph_Driver/src/stm32f4xx_crc.c ****   */
  28:libs/STM32F4xx_StdPeriph_Driver/src/stm32f4xx_crc.c **** 
  29:libs/STM32F4xx_StdPeriph_Driver/src/stm32f4xx_crc.c **** /** @defgroup CRC 
  30:libs/STM32F4xx_StdPeriph_Driver/src/stm32f4xx_crc.c ****   * @brief CRC driver modules
  31:libs/STM32F4xx_StdPeriph_Driver/src/stm32f4xx_crc.c ****   * @{
  32:libs/STM32F4xx_StdPeriph_Driver/src/stm32f4xx_crc.c ****   */
  33:libs/STM32F4xx_StdPeriph_Driver/src/stm32f4xx_crc.c **** 
  34:libs/STM32F4xx_StdPeriph_Driver/src/stm32f4xx_crc.c **** /* Private typedef -----------------------------------------------------------*/
  35:libs/STM32F4xx_StdPeriph_Driver/src/stm32f4xx_crc.c **** /* Private define ------------------------------------------------------------*/
  36:libs/STM32F4xx_StdPeriph_Driver/src/stm32f4xx_crc.c **** /* Private macro -------------------------------------------------------------*/
  37:libs/STM32F4xx_StdPeriph_Driver/src/stm32f4xx_crc.c **** /* Private variables ---------------------------------------------------------*/
  38:libs/STM32F4xx_StdPeriph_Driver/src/stm32f4xx_crc.c **** /* Private function prototypes -----------------------------------------------*/
  39:libs/STM32F4xx_StdPeriph_Driver/src/stm32f4xx_crc.c **** /* Private functions ---------------------------------------------------------*/
  40:libs/STM32F4xx_StdPeriph_Driver/src/stm32f4xx_crc.c **** 
  41:libs/STM32F4xx_StdPeriph_Driver/src/stm32f4xx_crc.c **** /** @defgroup CRC_Private_Functions
  42:libs/STM32F4xx_StdPeriph_Driver/src/stm32f4xx_crc.c ****   * @{
  43:libs/STM32F4xx_StdPeriph_Driver/src/stm32f4xx_crc.c ****   */
  44:libs/STM32F4xx_StdPeriph_Driver/src/stm32f4xx_crc.c **** 
  45:libs/STM32F4xx_StdPeriph_Driver/src/stm32f4xx_crc.c **** /**
  46:libs/STM32F4xx_StdPeriph_Driver/src/stm32f4xx_crc.c ****   * @brief  Resets the CRC Data register (DR).
  47:libs/STM32F4xx_StdPeriph_Driver/src/stm32f4xx_crc.c ****   * @param  None
  48:libs/STM32F4xx_StdPeriph_Driver/src/stm32f4xx_crc.c ****   * @retval None
  49:libs/STM32F4xx_StdPeriph_Driver/src/stm32f4xx_crc.c ****   */
  50:libs/STM32F4xx_StdPeriph_Driver/src/stm32f4xx_crc.c **** void CRC_ResetDR(void)
  51:libs/STM32F4xx_StdPeriph_Driver/src/stm32f4xx_crc.c **** {
  28              		.loc 1 51 0
  29              		.cfi_startproc
  30              		@ args = 0, pretend = 0, frame = 0
  31              		@ frame_needed = 1, uses_anonymous_args = 0
  32              		@ link register save eliminated.
  33 0000 80B4     		push	{r7}
  34              	.LCFI0:
  35              		.cfi_def_cfa_offset 4
  36              		.cfi_offset 7, -4
  37 0002 00AF     		add	r7, sp, #0
  38              	.LCFI1:
  39              		.cfi_def_cfa_register 7
  52:libs/STM32F4xx_StdPeriph_Driver/src/stm32f4xx_crc.c ****   /* Reset CRC generator */
  53:libs/STM32F4xx_StdPeriph_Driver/src/stm32f4xx_crc.c ****   CRC->CR = CRC_CR_RESET;
  40              		.loc 1 53 0
  41 0004 034B     		ldr	r3, .L2
  42 0006 0122     		movs	r2, #1
  43 0008 9A60     		str	r2, [r3, #8]
  54:libs/STM32F4xx_StdPeriph_Driver/src/stm32f4xx_crc.c **** }
  44              		.loc 1 54 0
  45 000a BD46     		mov	sp, r7
  46              		@ sp needed
  47 000c 5DF8047B 		ldr	r7, [sp], #4
  48 0010 7047     		bx	lr
  49              	.L3:
  50 0012 00BF     		.align	2
  51              	.L2:
  52 0014 00300240 		.word	1073885184
  53              		.cfi_endproc
  54              	.LFE110:
  56              		.section	.text.CRC_CalcCRC,"ax",%progbits
  57              		.align	2
  58              		.global	CRC_CalcCRC
  59              		.thumb
  60              		.thumb_func
  62              	CRC_CalcCRC:
  63              	.LFB111:
  55:libs/STM32F4xx_StdPeriph_Driver/src/stm32f4xx_crc.c **** 
  56:libs/STM32F4xx_StdPeriph_Driver/src/stm32f4xx_crc.c **** /**
  57:libs/STM32F4xx_StdPeriph_Driver/src/stm32f4xx_crc.c ****   * @brief  Computes the 32-bit CRC of a given data word(32-bit).
  58:libs/STM32F4xx_StdPeriph_Driver/src/stm32f4xx_crc.c ****   * @param  Data: data word(32-bit) to compute its CRC
  59:libs/STM32F4xx_StdPeriph_Driver/src/stm32f4xx_crc.c ****   * @retval 32-bit CRC
  60:libs/STM32F4xx_StdPeriph_Driver/src/stm32f4xx_crc.c ****   */
  61:libs/STM32F4xx_StdPeriph_Driver/src/stm32f4xx_crc.c **** uint32_t CRC_CalcCRC(uint32_t Data)
  62:libs/STM32F4xx_StdPeriph_Driver/src/stm32f4xx_crc.c **** {
  64              		.loc 1 62 0
  65              		.cfi_startproc
  66              		@ args = 0, pretend = 0, frame = 8
  67              		@ frame_needed = 1, uses_anonymous_args = 0
  68              		@ link register save eliminated.
  69 0000 80B4     		push	{r7}
  70              	.LCFI2:
  71              		.cfi_def_cfa_offset 4
  72              		.cfi_offset 7, -4
  73 0002 83B0     		sub	sp, sp, #12
  74              	.LCFI3:
  75              		.cfi_def_cfa_offset 16
  76 0004 00AF     		add	r7, sp, #0
  77              	.LCFI4:
  78              		.cfi_def_cfa_register 7
  79 0006 7860     		str	r0, [r7, #4]
  63:libs/STM32F4xx_StdPeriph_Driver/src/stm32f4xx_crc.c ****   CRC->DR = Data;
  80              		.loc 1 63 0
  81 0008 054B     		ldr	r3, .L6
  82 000a 7A68     		ldr	r2, [r7, #4]
  83 000c 1A60     		str	r2, [r3]
  64:libs/STM32F4xx_StdPeriph_Driver/src/stm32f4xx_crc.c ****   
  65:libs/STM32F4xx_StdPeriph_Driver/src/stm32f4xx_crc.c ****   return (CRC->DR);
  84              		.loc 1 65 0
  85 000e 044B     		ldr	r3, .L6
  86 0010 1B68     		ldr	r3, [r3]
  66:libs/STM32F4xx_StdPeriph_Driver/src/stm32f4xx_crc.c **** }
  87              		.loc 1 66 0
  88 0012 1846     		mov	r0, r3
  89 0014 0C37     		adds	r7, r7, #12
  90 0016 BD46     		mov	sp, r7
  91              		@ sp needed
  92 0018 5DF8047B 		ldr	r7, [sp], #4
  93 001c 7047     		bx	lr
  94              	.L7:
  95 001e 00BF     		.align	2
  96              	.L6:
  97 0020 00300240 		.word	1073885184
  98              		.cfi_endproc
  99              	.LFE111:
 101              		.section	.text.CRC_CalcBlockCRC,"ax",%progbits
 102              		.align	2
 103              		.global	CRC_CalcBlockCRC
 104              		.thumb
 105              		.thumb_func
 107              	CRC_CalcBlockCRC:
 108              	.LFB112:
  67:libs/STM32F4xx_StdPeriph_Driver/src/stm32f4xx_crc.c **** 
  68:libs/STM32F4xx_StdPeriph_Driver/src/stm32f4xx_crc.c **** /**
  69:libs/STM32F4xx_StdPeriph_Driver/src/stm32f4xx_crc.c ****   * @brief  Computes the 32-bit CRC of a given buffer of data word(32-bit).
  70:libs/STM32F4xx_StdPeriph_Driver/src/stm32f4xx_crc.c ****   * @param  pBuffer: pointer to the buffer containing the data to be computed
  71:libs/STM32F4xx_StdPeriph_Driver/src/stm32f4xx_crc.c ****   * @param  BufferLength: length of the buffer to be computed					
  72:libs/STM32F4xx_StdPeriph_Driver/src/stm32f4xx_crc.c ****   * @retval 32-bit CRC
  73:libs/STM32F4xx_StdPeriph_Driver/src/stm32f4xx_crc.c ****   */
  74:libs/STM32F4xx_StdPeriph_Driver/src/stm32f4xx_crc.c **** uint32_t CRC_CalcBlockCRC(uint32_t pBuffer[], uint32_t BufferLength)
  75:libs/STM32F4xx_StdPeriph_Driver/src/stm32f4xx_crc.c **** {
 109              		.loc 1 75 0
 110              		.cfi_startproc
 111              		@ args = 0, pretend = 0, frame = 16
 112              		@ frame_needed = 1, uses_anonymous_args = 0
 113              		@ link register save eliminated.
 114 0000 80B4     		push	{r7}
 115              	.LCFI5:
 116              		.cfi_def_cfa_offset 4
 117              		.cfi_offset 7, -4
 118 0002 85B0     		sub	sp, sp, #20
 119              	.LCFI6:
 120              		.cfi_def_cfa_offset 24
 121 0004 00AF     		add	r7, sp, #0
 122              	.LCFI7:
 123              		.cfi_def_cfa_register 7
 124 0006 7860     		str	r0, [r7, #4]
 125 0008 3960     		str	r1, [r7]
  76:libs/STM32F4xx_StdPeriph_Driver/src/stm32f4xx_crc.c ****   uint32_t index = 0;
 126              		.loc 1 76 0
 127 000a 0023     		movs	r3, #0
 128 000c FB60     		str	r3, [r7, #12]
  77:libs/STM32F4xx_StdPeriph_Driver/src/stm32f4xx_crc.c ****   
  78:libs/STM32F4xx_StdPeriph_Driver/src/stm32f4xx_crc.c ****   for(index = 0; index < BufferLength; index++)
 129              		.loc 1 78 0
 130 000e 0023     		movs	r3, #0
 131 0010 FB60     		str	r3, [r7, #12]
 132 0012 09E0     		b	.L9
 133              	.L10:
  79:libs/STM32F4xx_StdPeriph_Driver/src/stm32f4xx_crc.c ****   {
  80:libs/STM32F4xx_StdPeriph_Driver/src/stm32f4xx_crc.c ****     CRC->DR = pBuffer[index];
 134              		.loc 1 80 0 discriminator 2
 135 0014 0A4B     		ldr	r3, .L12
 136 0016 FA68     		ldr	r2, [r7, #12]
 137 0018 9200     		lsls	r2, r2, #2
 138 001a 7968     		ldr	r1, [r7, #4]
 139 001c 0A44     		add	r2, r2, r1
 140 001e 1268     		ldr	r2, [r2]
 141 0020 1A60     		str	r2, [r3]
  78:libs/STM32F4xx_StdPeriph_Driver/src/stm32f4xx_crc.c ****   for(index = 0; index < BufferLength; index++)
 142              		.loc 1 78 0 discriminator 2
 143 0022 FB68     		ldr	r3, [r7, #12]
 144 0024 0133     		adds	r3, r3, #1
 145 0026 FB60     		str	r3, [r7, #12]
 146              	.L9:
  78:libs/STM32F4xx_StdPeriph_Driver/src/stm32f4xx_crc.c ****   for(index = 0; index < BufferLength; index++)
 147              		.loc 1 78 0 is_stmt 0 discriminator 1
 148 0028 FA68     		ldr	r2, [r7, #12]
 149 002a 3B68     		ldr	r3, [r7]
 150 002c 9A42     		cmp	r2, r3
 151 002e F1D3     		bcc	.L10
  81:libs/STM32F4xx_StdPeriph_Driver/src/stm32f4xx_crc.c ****   }
  82:libs/STM32F4xx_StdPeriph_Driver/src/stm32f4xx_crc.c ****   return (CRC->DR);
 152              		.loc 1 82 0 is_stmt 1
 153 0030 034B     		ldr	r3, .L12
 154 0032 1B68     		ldr	r3, [r3]
  83:libs/STM32F4xx_StdPeriph_Driver/src/stm32f4xx_crc.c **** }
 155              		.loc 1 83 0
 156 0034 1846     		mov	r0, r3
 157 0036 1437     		adds	r7, r7, #20
 158 0038 BD46     		mov	sp, r7
 159              		@ sp needed
 160 003a 5DF8047B 		ldr	r7, [sp], #4
 161 003e 7047     		bx	lr
 162              	.L13:
 163              		.align	2
 164              	.L12:
 165 0040 00300240 		.word	1073885184
 166              		.cfi_endproc
 167              	.LFE112:
 169              		.section	.text.CRC_GetCRC,"ax",%progbits
 170              		.align	2
 171              		.global	CRC_GetCRC
 172              		.thumb
 173              		.thumb_func
 175              	CRC_GetCRC:
 176              	.LFB113:
  84:libs/STM32F4xx_StdPeriph_Driver/src/stm32f4xx_crc.c **** 
  85:libs/STM32F4xx_StdPeriph_Driver/src/stm32f4xx_crc.c **** /**
  86:libs/STM32F4xx_StdPeriph_Driver/src/stm32f4xx_crc.c ****   * @brief  Returns the current CRC value.
  87:libs/STM32F4xx_StdPeriph_Driver/src/stm32f4xx_crc.c ****   * @param  None
  88:libs/STM32F4xx_StdPeriph_Driver/src/stm32f4xx_crc.c ****   * @retval 32-bit CRC
  89:libs/STM32F4xx_StdPeriph_Driver/src/stm32f4xx_crc.c ****   */
  90:libs/STM32F4xx_StdPeriph_Driver/src/stm32f4xx_crc.c **** uint32_t CRC_GetCRC(void)
  91:libs/STM32F4xx_StdPeriph_Driver/src/stm32f4xx_crc.c **** {
 177              		.loc 1 91 0
 178              		.cfi_startproc
 179              		@ args = 0, pretend = 0, frame = 0
 180              		@ frame_needed = 1, uses_anonymous_args = 0
 181              		@ link register save eliminated.
 182 0000 80B4     		push	{r7}
 183              	.LCFI8:
 184              		.cfi_def_cfa_offset 4
 185              		.cfi_offset 7, -4
 186 0002 00AF     		add	r7, sp, #0
 187              	.LCFI9:
 188              		.cfi_def_cfa_register 7
  92:libs/STM32F4xx_StdPeriph_Driver/src/stm32f4xx_crc.c ****   return (CRC->DR);
 189              		.loc 1 92 0
 190 0004 034B     		ldr	r3, .L16
 191 0006 1B68     		ldr	r3, [r3]
  93:libs/STM32F4xx_StdPeriph_Driver/src/stm32f4xx_crc.c **** }
 192              		.loc 1 93 0
 193 0008 1846     		mov	r0, r3
 194 000a BD46     		mov	sp, r7
 195              		@ sp needed
 196 000c 5DF8047B 		ldr	r7, [sp], #4
 197 0010 7047     		bx	lr
 198              	.L17:
 199 0012 00BF     		.align	2
 200              	.L16:
 201 0014 00300240 		.word	1073885184
 202              		.cfi_endproc
 203              	.LFE113:
 205              		.section	.text.CRC_SetIDRegister,"ax",%progbits
 206              		.align	2
 207              		.global	CRC_SetIDRegister
 208              		.thumb
 209              		.thumb_func
 211              	CRC_SetIDRegister:
 212              	.LFB114:
  94:libs/STM32F4xx_StdPeriph_Driver/src/stm32f4xx_crc.c **** 
  95:libs/STM32F4xx_StdPeriph_Driver/src/stm32f4xx_crc.c **** /**
  96:libs/STM32F4xx_StdPeriph_Driver/src/stm32f4xx_crc.c ****   * @brief  Stores a 8-bit data in the Independent Data(ID) register.
  97:libs/STM32F4xx_StdPeriph_Driver/src/stm32f4xx_crc.c ****   * @param  IDValue: 8-bit value to be stored in the ID register 					
  98:libs/STM32F4xx_StdPeriph_Driver/src/stm32f4xx_crc.c ****   * @retval None
  99:libs/STM32F4xx_StdPeriph_Driver/src/stm32f4xx_crc.c ****   */
 100:libs/STM32F4xx_StdPeriph_Driver/src/stm32f4xx_crc.c **** void CRC_SetIDRegister(uint8_t IDValue)
 101:libs/STM32F4xx_StdPeriph_Driver/src/stm32f4xx_crc.c **** {
 213              		.loc 1 101 0
 214              		.cfi_startproc
 215              		@ args = 0, pretend = 0, frame = 8
 216              		@ frame_needed = 1, uses_anonymous_args = 0
 217              		@ link register save eliminated.
 218 0000 80B4     		push	{r7}
 219              	.LCFI10:
 220              		.cfi_def_cfa_offset 4
 221              		.cfi_offset 7, -4
 222 0002 83B0     		sub	sp, sp, #12
 223              	.LCFI11:
 224              		.cfi_def_cfa_offset 16
 225 0004 00AF     		add	r7, sp, #0
 226              	.LCFI12:
 227              		.cfi_def_cfa_register 7
 228 0006 0346     		mov	r3, r0
 229 0008 FB71     		strb	r3, [r7, #7]
 102:libs/STM32F4xx_StdPeriph_Driver/src/stm32f4xx_crc.c ****   CRC->IDR = IDValue;
 230              		.loc 1 102 0
 231 000a 044B     		ldr	r3, .L19
 232 000c FA79     		ldrb	r2, [r7, #7]
 233 000e 1A71     		strb	r2, [r3, #4]
 103:libs/STM32F4xx_StdPeriph_Driver/src/stm32f4xx_crc.c **** }
 234              		.loc 1 103 0
 235 0010 0C37     		adds	r7, r7, #12
 236 0012 BD46     		mov	sp, r7
 237              		@ sp needed
 238 0014 5DF8047B 		ldr	r7, [sp], #4
 239 0018 7047     		bx	lr
 240              	.L20:
 241 001a 00BF     		.align	2
 242              	.L19:
 243 001c 00300240 		.word	1073885184
 244              		.cfi_endproc
 245              	.LFE114:
 247              		.section	.text.CRC_GetIDRegister,"ax",%progbits
 248              		.align	2
 249              		.global	CRC_GetIDRegister
 250              		.thumb
 251              		.thumb_func
 253              	CRC_GetIDRegister:
 254              	.LFB115:
 104:libs/STM32F4xx_StdPeriph_Driver/src/stm32f4xx_crc.c **** 
 105:libs/STM32F4xx_StdPeriph_Driver/src/stm32f4xx_crc.c **** /**
 106:libs/STM32F4xx_StdPeriph_Driver/src/stm32f4xx_crc.c ****   * @brief  Returns the 8-bit data stored in the Independent Data(ID) register
 107:libs/STM32F4xx_StdPeriph_Driver/src/stm32f4xx_crc.c ****   * @param  None
 108:libs/STM32F4xx_StdPeriph_Driver/src/stm32f4xx_crc.c ****   * @retval 8-bit value of the ID register 
 109:libs/STM32F4xx_StdPeriph_Driver/src/stm32f4xx_crc.c ****   */
 110:libs/STM32F4xx_StdPeriph_Driver/src/stm32f4xx_crc.c **** uint8_t CRC_GetIDRegister(void)
 111:libs/STM32F4xx_StdPeriph_Driver/src/stm32f4xx_crc.c **** {
 255              		.loc 1 111 0
 256              		.cfi_startproc
 257              		@ args = 0, pretend = 0, frame = 0
 258              		@ frame_needed = 1, uses_anonymous_args = 0
 259              		@ link register save eliminated.
 260 0000 80B4     		push	{r7}
 261              	.LCFI13:
 262              		.cfi_def_cfa_offset 4
 263              		.cfi_offset 7, -4
 264 0002 00AF     		add	r7, sp, #0
 265              	.LCFI14:
 266              		.cfi_def_cfa_register 7
 112:libs/STM32F4xx_StdPeriph_Driver/src/stm32f4xx_crc.c ****   return (CRC->IDR);
 267              		.loc 1 112 0
 268 0004 034B     		ldr	r3, .L23
 269 0006 1B79     		ldrb	r3, [r3, #4]
 270 0008 DBB2     		uxtb	r3, r3
 113:libs/STM32F4xx_StdPeriph_Driver/src/stm32f4xx_crc.c **** }
 271              		.loc 1 113 0
 272 000a 1846     		mov	r0, r3
 273 000c BD46     		mov	sp, r7
 274              		@ sp needed
 275 000e 5DF8047B 		ldr	r7, [sp], #4
 276 0012 7047     		bx	lr
 277              	.L24:
 278              		.align	2
 279              	.L23:
 280 0014 00300240 		.word	1073885184
 281              		.cfi_endproc
 282              	.LFE115:
 284              		.text
 285              	.Letext0:
 286              		.file 2 "/home/shihyu/data/STM32F4/gcc-arm-none-eabi-4_8-2013q4/arm-none-eabi/include/stdint.h"
 287              		.file 3 "libs/Device/STM32F4xx/Include/stm32f4xx.h"
 288              		.file 4 "libs/CMSIS/Include/core_cm4.h"
DEFINED SYMBOLS
                            *ABS*:00000000 stm32f4xx_crc.c
     /tmp/ccyPLGEd.s:20     .text.CRC_ResetDR:00000000 $t
     /tmp/ccyPLGEd.s:25     .text.CRC_ResetDR:00000000 CRC_ResetDR
     /tmp/ccyPLGEd.s:52     .text.CRC_ResetDR:00000014 $d
     /tmp/ccyPLGEd.s:57     .text.CRC_CalcCRC:00000000 $t
     /tmp/ccyPLGEd.s:62     .text.CRC_CalcCRC:00000000 CRC_CalcCRC
     /tmp/ccyPLGEd.s:97     .text.CRC_CalcCRC:00000020 $d
     /tmp/ccyPLGEd.s:102    .text.CRC_CalcBlockCRC:00000000 $t
     /tmp/ccyPLGEd.s:107    .text.CRC_CalcBlockCRC:00000000 CRC_CalcBlockCRC
     /tmp/ccyPLGEd.s:165    .text.CRC_CalcBlockCRC:00000040 $d
     /tmp/ccyPLGEd.s:170    .text.CRC_GetCRC:00000000 $t
     /tmp/ccyPLGEd.s:175    .text.CRC_GetCRC:00000000 CRC_GetCRC
     /tmp/ccyPLGEd.s:201    .text.CRC_GetCRC:00000014 $d
     /tmp/ccyPLGEd.s:206    .text.CRC_SetIDRegister:00000000 $t
     /tmp/ccyPLGEd.s:211    .text.CRC_SetIDRegister:00000000 CRC_SetIDRegister
     /tmp/ccyPLGEd.s:243    .text.CRC_SetIDRegister:0000001c $d
     /tmp/ccyPLGEd.s:248    .text.CRC_GetIDRegister:00000000 $t
     /tmp/ccyPLGEd.s:253    .text.CRC_GetIDRegister:00000000 CRC_GetIDRegister
     /tmp/ccyPLGEd.s:280    .text.CRC_GetIDRegister:00000014 $d
                     .debug_frame:00000010 $d

NO UNDEFINED SYMBOLS
