   1              		.syntax unified
   2              		.cpu cortex-m4
   3              		.eabi_attribute 27, 3
   4              		.fpu fpv4-sp-d16
   5              		.eabi_attribute 20, 1
   6              		.eabi_attribute 21, 1
   7              		.eabi_attribute 23, 3
   8              		.eabi_attribute 24, 1
   9              		.eabi_attribute 25, 1
  10              		.eabi_attribute 26, 1
  11              		.eabi_attribute 30, 6
  12              		.eabi_attribute 34, 1
  13              		.eabi_attribute 18, 4
  14              		.thumb
  15              		.file	"stm32f4xx_syscfg.c"
  16              		.text
  17              	.Ltext0:
  18              		.cfi_sections	.debug_frame
  19              		.section	.text.SYSCFG_DeInit,"ax",%progbits
  20              		.align	2
  21              		.global	SYSCFG_DeInit
  22              		.thumb
  23              		.thumb_func
  25              	SYSCFG_DeInit:
  26              	.LFB110:
  27              		.file 1 "libs/STM32F4xx_StdPeriph_Driver/src/stm32f4xx_syscfg.c"
   1:libs/STM32F4xx_StdPeriph_Driver/src/stm32f4xx_syscfg.c **** /**
   2:libs/STM32F4xx_StdPeriph_Driver/src/stm32f4xx_syscfg.c ****   ******************************************************************************
   3:libs/STM32F4xx_StdPeriph_Driver/src/stm32f4xx_syscfg.c ****   * @file    stm32f4xx_syscfg.c
   4:libs/STM32F4xx_StdPeriph_Driver/src/stm32f4xx_syscfg.c ****   * @author  MCD Application Team
   5:libs/STM32F4xx_StdPeriph_Driver/src/stm32f4xx_syscfg.c ****   * @version V1.0.0RC1
   6:libs/STM32F4xx_StdPeriph_Driver/src/stm32f4xx_syscfg.c ****   * @date    25-August-2011
   7:libs/STM32F4xx_StdPeriph_Driver/src/stm32f4xx_syscfg.c ****   * @brief   This file provides firmware functions to manage the SYSCFG peripheral.
   8:libs/STM32F4xx_StdPeriph_Driver/src/stm32f4xx_syscfg.c ****   *
   9:libs/STM32F4xx_StdPeriph_Driver/src/stm32f4xx_syscfg.c ****   *  @verbatim
  10:libs/STM32F4xx_StdPeriph_Driver/src/stm32f4xx_syscfg.c ****   *  
  11:libs/STM32F4xx_StdPeriph_Driver/src/stm32f4xx_syscfg.c ****   *          ===================================================================
  12:libs/STM32F4xx_StdPeriph_Driver/src/stm32f4xx_syscfg.c ****   *                                 How to use this driver
  13:libs/STM32F4xx_StdPeriph_Driver/src/stm32f4xx_syscfg.c ****   *          ===================================================================
  14:libs/STM32F4xx_StdPeriph_Driver/src/stm32f4xx_syscfg.c ****   *                  
  15:libs/STM32F4xx_StdPeriph_Driver/src/stm32f4xx_syscfg.c ****   *          This driver provides functions for:
  16:libs/STM32F4xx_StdPeriph_Driver/src/stm32f4xx_syscfg.c ****   *          
  17:libs/STM32F4xx_StdPeriph_Driver/src/stm32f4xx_syscfg.c ****   *          1. Remapping the memory accessible in the code area using SYSCFG_MemoryRemapConfig()
  18:libs/STM32F4xx_StdPeriph_Driver/src/stm32f4xx_syscfg.c ****   *              
  19:libs/STM32F4xx_StdPeriph_Driver/src/stm32f4xx_syscfg.c ****   *          2. Manage the EXTI lines connection to the GPIOs using SYSCFG_EXTILineConfig()
  20:libs/STM32F4xx_StdPeriph_Driver/src/stm32f4xx_syscfg.c ****   *            
  21:libs/STM32F4xx_StdPeriph_Driver/src/stm32f4xx_syscfg.c ****   *          3. Select the ETHERNET media interface (RMII/RII) using SYSCFG_ETH_MediaInterfaceConfi
  22:libs/STM32F4xx_StdPeriph_Driver/src/stm32f4xx_syscfg.c ****   *
  23:libs/STM32F4xx_StdPeriph_Driver/src/stm32f4xx_syscfg.c ****   *  @note  SYSCFG APB clock must be enabled to get write access to SYSCFG registers,
  24:libs/STM32F4xx_StdPeriph_Driver/src/stm32f4xx_syscfg.c ****   *         using RCC_APB2PeriphClockCmd(RCC_APB2Periph_SYSCFG, ENABLE);
  25:libs/STM32F4xx_StdPeriph_Driver/src/stm32f4xx_syscfg.c ****   *                 
  26:libs/STM32F4xx_StdPeriph_Driver/src/stm32f4xx_syscfg.c ****   *  @endverbatim
  27:libs/STM32F4xx_StdPeriph_Driver/src/stm32f4xx_syscfg.c ****   *      
  28:libs/STM32F4xx_StdPeriph_Driver/src/stm32f4xx_syscfg.c ****   ******************************************************************************
  29:libs/STM32F4xx_StdPeriph_Driver/src/stm32f4xx_syscfg.c ****   * @attention
  30:libs/STM32F4xx_StdPeriph_Driver/src/stm32f4xx_syscfg.c ****   *
  31:libs/STM32F4xx_StdPeriph_Driver/src/stm32f4xx_syscfg.c ****   * THE PRESENT FIRMWARE WHICH IS FOR GUIDANCE ONLY AIMS AT PROVIDING CUSTOMERS
  32:libs/STM32F4xx_StdPeriph_Driver/src/stm32f4xx_syscfg.c ****   * WITH CODING INFORMATION REGARDING THEIR PRODUCTS IN ORDER FOR THEM TO SAVE
  33:libs/STM32F4xx_StdPeriph_Driver/src/stm32f4xx_syscfg.c ****   * TIME. AS A RESULT, STMICROELECTRONICS SHALL NOT BE HELD LIABLE FOR ANY
  34:libs/STM32F4xx_StdPeriph_Driver/src/stm32f4xx_syscfg.c ****   * DIRECT, INDIRECT OR CONSEQUENTIAL DAMAGES WITH RESPECT TO ANY CLAIMS ARISING
  35:libs/STM32F4xx_StdPeriph_Driver/src/stm32f4xx_syscfg.c ****   * FROM THE CONTENT OF SUCH FIRMWARE AND/OR THE USE MADE BY CUSTOMERS OF THE
  36:libs/STM32F4xx_StdPeriph_Driver/src/stm32f4xx_syscfg.c ****   * CODING INFORMATION CONTAINED HEREIN IN CONNECTION WITH THEIR PRODUCTS.
  37:libs/STM32F4xx_StdPeriph_Driver/src/stm32f4xx_syscfg.c ****   *
  38:libs/STM32F4xx_StdPeriph_Driver/src/stm32f4xx_syscfg.c ****   * <h2><center>&copy; COPYRIGHT 2011 STMicroelectronics</center></h2>
  39:libs/STM32F4xx_StdPeriph_Driver/src/stm32f4xx_syscfg.c ****   ******************************************************************************
  40:libs/STM32F4xx_StdPeriph_Driver/src/stm32f4xx_syscfg.c ****   */
  41:libs/STM32F4xx_StdPeriph_Driver/src/stm32f4xx_syscfg.c **** 
  42:libs/STM32F4xx_StdPeriph_Driver/src/stm32f4xx_syscfg.c **** /* Includes ------------------------------------------------------------------*/
  43:libs/STM32F4xx_StdPeriph_Driver/src/stm32f4xx_syscfg.c **** #include "stm32f4xx_syscfg.h"
  44:libs/STM32F4xx_StdPeriph_Driver/src/stm32f4xx_syscfg.c **** #include "stm32f4xx_rcc.h"
  45:libs/STM32F4xx_StdPeriph_Driver/src/stm32f4xx_syscfg.c **** 
  46:libs/STM32F4xx_StdPeriph_Driver/src/stm32f4xx_syscfg.c **** /** @addtogroup STM32F4xx_StdPeriph_Driver
  47:libs/STM32F4xx_StdPeriph_Driver/src/stm32f4xx_syscfg.c ****   * @{
  48:libs/STM32F4xx_StdPeriph_Driver/src/stm32f4xx_syscfg.c ****   */
  49:libs/STM32F4xx_StdPeriph_Driver/src/stm32f4xx_syscfg.c **** 
  50:libs/STM32F4xx_StdPeriph_Driver/src/stm32f4xx_syscfg.c **** /** @defgroup SYSCFG 
  51:libs/STM32F4xx_StdPeriph_Driver/src/stm32f4xx_syscfg.c ****   * @brief SYSCFG driver modules
  52:libs/STM32F4xx_StdPeriph_Driver/src/stm32f4xx_syscfg.c ****   * @{
  53:libs/STM32F4xx_StdPeriph_Driver/src/stm32f4xx_syscfg.c ****   */ 
  54:libs/STM32F4xx_StdPeriph_Driver/src/stm32f4xx_syscfg.c **** 
  55:libs/STM32F4xx_StdPeriph_Driver/src/stm32f4xx_syscfg.c **** /* Private typedef -----------------------------------------------------------*/
  56:libs/STM32F4xx_StdPeriph_Driver/src/stm32f4xx_syscfg.c **** /* Private define ------------------------------------------------------------*/
  57:libs/STM32F4xx_StdPeriph_Driver/src/stm32f4xx_syscfg.c **** /* ------------ RCC registers bit address in the alias region ----------- */
  58:libs/STM32F4xx_StdPeriph_Driver/src/stm32f4xx_syscfg.c **** #define SYSCFG_OFFSET             (SYSCFG_BASE - PERIPH_BASE)
  59:libs/STM32F4xx_StdPeriph_Driver/src/stm32f4xx_syscfg.c **** /* ---  PMC Register ---*/ 
  60:libs/STM32F4xx_StdPeriph_Driver/src/stm32f4xx_syscfg.c **** /* Alias word address of MII_RMII_SEL bit */ 
  61:libs/STM32F4xx_StdPeriph_Driver/src/stm32f4xx_syscfg.c **** #define PMC_OFFSET                (SYSCFG_OFFSET + 0x04) 
  62:libs/STM32F4xx_StdPeriph_Driver/src/stm32f4xx_syscfg.c **** #define MII_RMII_SEL_BitNumber    ((uint8_t)0x17) 
  63:libs/STM32F4xx_StdPeriph_Driver/src/stm32f4xx_syscfg.c **** #define PMC_MII_RMII_SEL_BB       (PERIPH_BB_BASE + (PMC_OFFSET * 32) + (MII_RMII_SEL_BitNumber * 4
  64:libs/STM32F4xx_StdPeriph_Driver/src/stm32f4xx_syscfg.c **** 
  65:libs/STM32F4xx_StdPeriph_Driver/src/stm32f4xx_syscfg.c **** /* ---  CMPCR Register ---*/ 
  66:libs/STM32F4xx_StdPeriph_Driver/src/stm32f4xx_syscfg.c **** /* Alias word address of CMP_PD bit */ 
  67:libs/STM32F4xx_StdPeriph_Driver/src/stm32f4xx_syscfg.c **** #define CMPCR_OFFSET              (SYSCFG_OFFSET + 0x20) 
  68:libs/STM32F4xx_StdPeriph_Driver/src/stm32f4xx_syscfg.c **** #define CMP_PD_BitNumber          ((uint8_t)0x00) 
  69:libs/STM32F4xx_StdPeriph_Driver/src/stm32f4xx_syscfg.c **** #define CMPCR_CMP_PD_BB           (PERIPH_BB_BASE + (CMPCR_OFFSET * 32) + (CMP_PD_BitNumber * 4)) 
  70:libs/STM32F4xx_StdPeriph_Driver/src/stm32f4xx_syscfg.c **** 
  71:libs/STM32F4xx_StdPeriph_Driver/src/stm32f4xx_syscfg.c **** /* Private macro -------------------------------------------------------------*/
  72:libs/STM32F4xx_StdPeriph_Driver/src/stm32f4xx_syscfg.c **** /* Private variables ---------------------------------------------------------*/
  73:libs/STM32F4xx_StdPeriph_Driver/src/stm32f4xx_syscfg.c **** /* Private function prototypes -----------------------------------------------*/
  74:libs/STM32F4xx_StdPeriph_Driver/src/stm32f4xx_syscfg.c **** /* Private functions ---------------------------------------------------------*/
  75:libs/STM32F4xx_StdPeriph_Driver/src/stm32f4xx_syscfg.c **** 
  76:libs/STM32F4xx_StdPeriph_Driver/src/stm32f4xx_syscfg.c **** /** @defgroup SYSCFG_Private_Functions
  77:libs/STM32F4xx_StdPeriph_Driver/src/stm32f4xx_syscfg.c ****   * @{
  78:libs/STM32F4xx_StdPeriph_Driver/src/stm32f4xx_syscfg.c ****   */ 
  79:libs/STM32F4xx_StdPeriph_Driver/src/stm32f4xx_syscfg.c **** 
  80:libs/STM32F4xx_StdPeriph_Driver/src/stm32f4xx_syscfg.c **** /**
  81:libs/STM32F4xx_StdPeriph_Driver/src/stm32f4xx_syscfg.c ****   * @brief  Deinitializes the Alternate Functions (remap and EXTI configuration)
  82:libs/STM32F4xx_StdPeriph_Driver/src/stm32f4xx_syscfg.c ****   *   registers to their default reset values.
  83:libs/STM32F4xx_StdPeriph_Driver/src/stm32f4xx_syscfg.c ****   * @param  None
  84:libs/STM32F4xx_StdPeriph_Driver/src/stm32f4xx_syscfg.c ****   * @retval None
  85:libs/STM32F4xx_StdPeriph_Driver/src/stm32f4xx_syscfg.c ****   */
  86:libs/STM32F4xx_StdPeriph_Driver/src/stm32f4xx_syscfg.c **** void SYSCFG_DeInit(void)
  87:libs/STM32F4xx_StdPeriph_Driver/src/stm32f4xx_syscfg.c **** {
  28              		.loc 1 87 0
  29              		.cfi_startproc
  30              		@ args = 0, pretend = 0, frame = 0
  31              		@ frame_needed = 1, uses_anonymous_args = 0
  32 0000 80B5     		push	{r7, lr}
  33              	.LCFI0:
  34              		.cfi_def_cfa_offset 8
  35              		.cfi_offset 7, -8
  36              		.cfi_offset 14, -4
  37 0002 00AF     		add	r7, sp, #0
  38              	.LCFI1:
  39              		.cfi_def_cfa_register 7
  88:libs/STM32F4xx_StdPeriph_Driver/src/stm32f4xx_syscfg.c ****    RCC_APB2PeriphResetCmd(RCC_APB2Periph_SYSCFG, ENABLE);
  40              		.loc 1 88 0
  41 0004 4FF48040 		mov	r0, #16384
  42 0008 0121     		movs	r1, #1
  43 000a FFF7FEFF 		bl	RCC_APB2PeriphResetCmd
  89:libs/STM32F4xx_StdPeriph_Driver/src/stm32f4xx_syscfg.c ****    RCC_APB2PeriphResetCmd(RCC_APB2Periph_SYSCFG, DISABLE);
  44              		.loc 1 89 0
  45 000e 4FF48040 		mov	r0, #16384
  46 0012 0021     		movs	r1, #0
  47 0014 FFF7FEFF 		bl	RCC_APB2PeriphResetCmd
  90:libs/STM32F4xx_StdPeriph_Driver/src/stm32f4xx_syscfg.c **** }
  48              		.loc 1 90 0
  49 0018 80BD     		pop	{r7, pc}
  50              		.cfi_endproc
  51              	.LFE110:
  53 001a 00BF     		.section	.text.SYSCFG_MemoryRemapConfig,"ax",%progbits
  54              		.align	2
  55              		.global	SYSCFG_MemoryRemapConfig
  56              		.thumb
  57              		.thumb_func
  59              	SYSCFG_MemoryRemapConfig:
  60              	.LFB111:
  91:libs/STM32F4xx_StdPeriph_Driver/src/stm32f4xx_syscfg.c **** 
  92:libs/STM32F4xx_StdPeriph_Driver/src/stm32f4xx_syscfg.c **** /**
  93:libs/STM32F4xx_StdPeriph_Driver/src/stm32f4xx_syscfg.c ****   * @brief  Changes the mapping of the specified pin.
  94:libs/STM32F4xx_StdPeriph_Driver/src/stm32f4xx_syscfg.c ****   * @param  SYSCFG_Memory: selects the memory remapping.
  95:libs/STM32F4xx_StdPeriph_Driver/src/stm32f4xx_syscfg.c ****   *         This parameter can be one of the following values:
  96:libs/STM32F4xx_StdPeriph_Driver/src/stm32f4xx_syscfg.c ****   *            @arg SYSCFG_MemoryRemap_Flash:       Main Flash memory mapped at 0x00000000  
  97:libs/STM32F4xx_StdPeriph_Driver/src/stm32f4xx_syscfg.c ****   *            @arg SYSCFG_MemoryRemap_SystemFlash: System Flash memory mapped at 0x00000000
  98:libs/STM32F4xx_StdPeriph_Driver/src/stm32f4xx_syscfg.c ****   *            @arg SYSCFG_MemoryRemap_FSMC:        FSMC (Bank1 (NOR/PSRAM 1 and 2) mapped at 0x000
  99:libs/STM32F4xx_StdPeriph_Driver/src/stm32f4xx_syscfg.c ****   *            @arg SYSCFG_MemoryRemap_SRAM:        Embedded SRAM (112kB) mapped at 0x00000000
 100:libs/STM32F4xx_StdPeriph_Driver/src/stm32f4xx_syscfg.c ****   *  
 101:libs/STM32F4xx_StdPeriph_Driver/src/stm32f4xx_syscfg.c ****   * @note   In remap mode, the FSMC addressing is fixed to the remap address area only
 102:libs/STM32F4xx_StdPeriph_Driver/src/stm32f4xx_syscfg.c ****   *        (Bank1 NOR/PSRAM 1 and NOR/PSRAM 2) and FSMC control registers are not
 103:libs/STM32F4xx_StdPeriph_Driver/src/stm32f4xx_syscfg.c ****   *         accessible. The FSMC remap function must be disabled to allows addressing
 104:libs/STM32F4xx_StdPeriph_Driver/src/stm32f4xx_syscfg.c ****   *         other memory devices through the FSMC and/or to access FSMC control
 105:libs/STM32F4xx_StdPeriph_Driver/src/stm32f4xx_syscfg.c ****   *         registers. 
 106:libs/STM32F4xx_StdPeriph_Driver/src/stm32f4xx_syscfg.c ****   *        
 107:libs/STM32F4xx_StdPeriph_Driver/src/stm32f4xx_syscfg.c ****   * @retval None
 108:libs/STM32F4xx_StdPeriph_Driver/src/stm32f4xx_syscfg.c ****   */
 109:libs/STM32F4xx_StdPeriph_Driver/src/stm32f4xx_syscfg.c **** void SYSCFG_MemoryRemapConfig(uint8_t SYSCFG_MemoryRemap)
 110:libs/STM32F4xx_StdPeriph_Driver/src/stm32f4xx_syscfg.c **** {
  61              		.loc 1 110 0
  62              		.cfi_startproc
  63              		@ args = 0, pretend = 0, frame = 8
  64              		@ frame_needed = 1, uses_anonymous_args = 0
  65              		@ link register save eliminated.
  66 0000 80B4     		push	{r7}
  67              	.LCFI2:
  68              		.cfi_def_cfa_offset 4
  69              		.cfi_offset 7, -4
  70 0002 83B0     		sub	sp, sp, #12
  71              	.LCFI3:
  72              		.cfi_def_cfa_offset 16
  73 0004 00AF     		add	r7, sp, #0
  74              	.LCFI4:
  75              		.cfi_def_cfa_register 7
  76 0006 0346     		mov	r3, r0
  77 0008 FB71     		strb	r3, [r7, #7]
 111:libs/STM32F4xx_StdPeriph_Driver/src/stm32f4xx_syscfg.c ****   /* Check the parameters */
 112:libs/STM32F4xx_StdPeriph_Driver/src/stm32f4xx_syscfg.c ****   assert_param(IS_SYSCFG_MEMORY_REMAP_CONFING(SYSCFG_MemoryRemap));
 113:libs/STM32F4xx_StdPeriph_Driver/src/stm32f4xx_syscfg.c **** 
 114:libs/STM32F4xx_StdPeriph_Driver/src/stm32f4xx_syscfg.c ****   SYSCFG->MEMRMP = SYSCFG_MemoryRemap;
  78              		.loc 1 114 0
  79 000a 044B     		ldr	r3, .L3
  80 000c FA79     		ldrb	r2, [r7, #7]	@ zero_extendqisi2
  81 000e 1A60     		str	r2, [r3]
 115:libs/STM32F4xx_StdPeriph_Driver/src/stm32f4xx_syscfg.c **** }
  82              		.loc 1 115 0
  83 0010 0C37     		adds	r7, r7, #12
  84 0012 BD46     		mov	sp, r7
  85              		@ sp needed
  86 0014 5DF8047B 		ldr	r7, [sp], #4
  87 0018 7047     		bx	lr
  88              	.L4:
  89 001a 00BF     		.align	2
  90              	.L3:
  91 001c 00380140 		.word	1073821696
  92              		.cfi_endproc
  93              	.LFE111:
  95              		.section	.text.SYSCFG_EXTILineConfig,"ax",%progbits
  96              		.align	2
  97              		.global	SYSCFG_EXTILineConfig
  98              		.thumb
  99              		.thumb_func
 101              	SYSCFG_EXTILineConfig:
 102              	.LFB112:
 116:libs/STM32F4xx_StdPeriph_Driver/src/stm32f4xx_syscfg.c **** 
 117:libs/STM32F4xx_StdPeriph_Driver/src/stm32f4xx_syscfg.c **** /**
 118:libs/STM32F4xx_StdPeriph_Driver/src/stm32f4xx_syscfg.c ****   * @brief  Selects the GPIO pin used as EXTI Line.
 119:libs/STM32F4xx_StdPeriph_Driver/src/stm32f4xx_syscfg.c ****   * @param  EXTI_PortSourceGPIOx : selects the GPIO port to be used as source for
 120:libs/STM32F4xx_StdPeriph_Driver/src/stm32f4xx_syscfg.c ****   *          EXTI lines where x can be (A..I).
 121:libs/STM32F4xx_StdPeriph_Driver/src/stm32f4xx_syscfg.c ****   * @param  EXTI_PinSourcex: specifies the EXTI line to be configured.
 122:libs/STM32F4xx_StdPeriph_Driver/src/stm32f4xx_syscfg.c ****   *           This parameter can be EXTI_PinSourcex where x can be (0..15, except
 123:libs/STM32F4xx_StdPeriph_Driver/src/stm32f4xx_syscfg.c ****   *           for EXTI_PortSourceGPIOI x can be (0..11).
 124:libs/STM32F4xx_StdPeriph_Driver/src/stm32f4xx_syscfg.c ****   * @retval None
 125:libs/STM32F4xx_StdPeriph_Driver/src/stm32f4xx_syscfg.c ****   */
 126:libs/STM32F4xx_StdPeriph_Driver/src/stm32f4xx_syscfg.c **** void SYSCFG_EXTILineConfig(uint8_t EXTI_PortSourceGPIOx, uint8_t EXTI_PinSourcex)
 127:libs/STM32F4xx_StdPeriph_Driver/src/stm32f4xx_syscfg.c **** {
 103              		.loc 1 127 0
 104              		.cfi_startproc
 105              		@ args = 0, pretend = 0, frame = 16
 106              		@ frame_needed = 1, uses_anonymous_args = 0
 107              		@ link register save eliminated.
 108 0000 90B4     		push	{r4, r7}
 109              	.LCFI5:
 110              		.cfi_def_cfa_offset 8
 111              		.cfi_offset 4, -8
 112              		.cfi_offset 7, -4
 113 0002 84B0     		sub	sp, sp, #16
 114              	.LCFI6:
 115              		.cfi_def_cfa_offset 24
 116 0004 00AF     		add	r7, sp, #0
 117              	.LCFI7:
 118              		.cfi_def_cfa_register 7
 119 0006 0246     		mov	r2, r0
 120 0008 0B46     		mov	r3, r1
 121 000a FA71     		strb	r2, [r7, #7]
 122 000c BB71     		strb	r3, [r7, #6]
 128:libs/STM32F4xx_StdPeriph_Driver/src/stm32f4xx_syscfg.c ****   uint32_t tmp = 0x00;
 123              		.loc 1 128 0
 124 000e 0023     		movs	r3, #0
 125 0010 FB60     		str	r3, [r7, #12]
 129:libs/STM32F4xx_StdPeriph_Driver/src/stm32f4xx_syscfg.c **** 
 130:libs/STM32F4xx_StdPeriph_Driver/src/stm32f4xx_syscfg.c ****   /* Check the parameters */
 131:libs/STM32F4xx_StdPeriph_Driver/src/stm32f4xx_syscfg.c ****   assert_param(IS_EXTI_PORT_SOURCE(EXTI_PortSourceGPIOx));
 132:libs/STM32F4xx_StdPeriph_Driver/src/stm32f4xx_syscfg.c ****   assert_param(IS_EXTI_PIN_SOURCE(EXTI_PinSourcex));
 133:libs/STM32F4xx_StdPeriph_Driver/src/stm32f4xx_syscfg.c **** 
 134:libs/STM32F4xx_StdPeriph_Driver/src/stm32f4xx_syscfg.c ****   tmp = ((uint32_t)0x0F) << (0x04 * (EXTI_PinSourcex & (uint8_t)0x03));
 126              		.loc 1 134 0
 127 0012 BB79     		ldrb	r3, [r7, #6]	@ zero_extendqisi2
 128 0014 03F00303 		and	r3, r3, #3
 129 0018 9B00     		lsls	r3, r3, #2
 130 001a 0F22     		movs	r2, #15
 131 001c 02FA03F3 		lsl	r3, r2, r3
 132 0020 FB60     		str	r3, [r7, #12]
 135:libs/STM32F4xx_StdPeriph_Driver/src/stm32f4xx_syscfg.c ****   SYSCFG->EXTICR[EXTI_PinSourcex >> 0x02] &= ~tmp;
 133              		.loc 1 135 0
 134 0022 154B     		ldr	r3, .L6
 135 0024 BA79     		ldrb	r2, [r7, #6]	@ zero_extendqisi2
 136 0026 9208     		lsrs	r2, r2, #2
 137 0028 D2B2     		uxtb	r2, r2
 138 002a 1349     		ldr	r1, .L6
 139 002c B879     		ldrb	r0, [r7, #6]	@ zero_extendqisi2
 140 002e 8008     		lsrs	r0, r0, #2
 141 0030 C0B2     		uxtb	r0, r0
 142 0032 0230     		adds	r0, r0, #2
 143 0034 51F82000 		ldr	r0, [r1, r0, lsl #2]
 144 0038 F968     		ldr	r1, [r7, #12]
 145 003a C943     		mvns	r1, r1
 146 003c 0140     		ands	r1, r1, r0
 147 003e 0232     		adds	r2, r2, #2
 148 0040 43F82210 		str	r1, [r3, r2, lsl #2]
 136:libs/STM32F4xx_StdPeriph_Driver/src/stm32f4xx_syscfg.c ****   SYSCFG->EXTICR[EXTI_PinSourcex >> 0x02] |= (((uint32_t)EXTI_PortSourceGPIOx) << (0x04 * (EXTI_Pin
 149              		.loc 1 136 0
 150 0044 0C4B     		ldr	r3, .L6
 151 0046 BA79     		ldrb	r2, [r7, #6]	@ zero_extendqisi2
 152 0048 9208     		lsrs	r2, r2, #2
 153 004a D2B2     		uxtb	r2, r2
 154 004c 0A49     		ldr	r1, .L6
 155 004e B879     		ldrb	r0, [r7, #6]	@ zero_extendqisi2
 156 0050 8008     		lsrs	r0, r0, #2
 157 0052 C0B2     		uxtb	r0, r0
 158 0054 0230     		adds	r0, r0, #2
 159 0056 51F82000 		ldr	r0, [r1, r0, lsl #2]
 160 005a FC79     		ldrb	r4, [r7, #7]	@ zero_extendqisi2
 161 005c B979     		ldrb	r1, [r7, #6]	@ zero_extendqisi2
 162 005e 01F00301 		and	r1, r1, #3
 163 0062 8900     		lsls	r1, r1, #2
 164 0064 04FA01F1 		lsl	r1, r4, r1
 165 0068 0143     		orrs	r1, r1, r0
 166 006a 0232     		adds	r2, r2, #2
 167 006c 43F82210 		str	r1, [r3, r2, lsl #2]
 137:libs/STM32F4xx_StdPeriph_Driver/src/stm32f4xx_syscfg.c **** }
 168              		.loc 1 137 0
 169 0070 1037     		adds	r7, r7, #16
 170 0072 BD46     		mov	sp, r7
 171              		@ sp needed
 172 0074 90BC     		pop	{r4, r7}
 173 0076 7047     		bx	lr
 174              	.L7:
 175              		.align	2
 176              	.L6:
 177 0078 00380140 		.word	1073821696
 178              		.cfi_endproc
 179              	.LFE112:
 181              		.section	.text.SYSCFG_ETH_MediaInterfaceConfig,"ax",%progbits
 182              		.align	2
 183              		.global	SYSCFG_ETH_MediaInterfaceConfig
 184              		.thumb
 185              		.thumb_func
 187              	SYSCFG_ETH_MediaInterfaceConfig:
 188              	.LFB113:
 138:libs/STM32F4xx_StdPeriph_Driver/src/stm32f4xx_syscfg.c **** 
 139:libs/STM32F4xx_StdPeriph_Driver/src/stm32f4xx_syscfg.c **** /**
 140:libs/STM32F4xx_StdPeriph_Driver/src/stm32f4xx_syscfg.c ****   * @brief  Selects the ETHERNET media interface 
 141:libs/STM32F4xx_StdPeriph_Driver/src/stm32f4xx_syscfg.c ****   * @param  SYSCFG_ETH_MediaInterface: specifies the Media Interface mode. 
 142:libs/STM32F4xx_StdPeriph_Driver/src/stm32f4xx_syscfg.c ****   *          This parameter can be one of the following values: 
 143:libs/STM32F4xx_StdPeriph_Driver/src/stm32f4xx_syscfg.c ****   *            @arg SYSCFG_ETH_MediaInterface_MII: MII mode selected
 144:libs/STM32F4xx_StdPeriph_Driver/src/stm32f4xx_syscfg.c ****   *            @arg SYSCFG_ETH_MediaInterface_RMII: RMII mode selected 
 145:libs/STM32F4xx_StdPeriph_Driver/src/stm32f4xx_syscfg.c ****   * @retval None 
 146:libs/STM32F4xx_StdPeriph_Driver/src/stm32f4xx_syscfg.c ****   */
 147:libs/STM32F4xx_StdPeriph_Driver/src/stm32f4xx_syscfg.c **** void SYSCFG_ETH_MediaInterfaceConfig(uint32_t SYSCFG_ETH_MediaInterface) 
 148:libs/STM32F4xx_StdPeriph_Driver/src/stm32f4xx_syscfg.c **** { 
 189              		.loc 1 148 0
 190              		.cfi_startproc
 191              		@ args = 0, pretend = 0, frame = 8
 192              		@ frame_needed = 1, uses_anonymous_args = 0
 193              		@ link register save eliminated.
 194 0000 80B4     		push	{r7}
 195              	.LCFI8:
 196              		.cfi_def_cfa_offset 4
 197              		.cfi_offset 7, -4
 198 0002 83B0     		sub	sp, sp, #12
 199              	.LCFI9:
 200              		.cfi_def_cfa_offset 16
 201 0004 00AF     		add	r7, sp, #0
 202              	.LCFI10:
 203              		.cfi_def_cfa_register 7
 204 0006 7860     		str	r0, [r7, #4]
 149:libs/STM32F4xx_StdPeriph_Driver/src/stm32f4xx_syscfg.c ****   assert_param(IS_SYSCFG_ETH_MEDIA_INTERFACE(SYSCFG_ETH_MediaInterface)); 
 150:libs/STM32F4xx_StdPeriph_Driver/src/stm32f4xx_syscfg.c ****   /* Configure MII_RMII selection bit */ 
 151:libs/STM32F4xx_StdPeriph_Driver/src/stm32f4xx_syscfg.c ****   *(__IO uint32_t *) PMC_MII_RMII_SEL_BB = SYSCFG_ETH_MediaInterface; 
 205              		.loc 1 151 0
 206 0008 034B     		ldr	r3, .L9
 207 000a 7A68     		ldr	r2, [r7, #4]
 208 000c 1A60     		str	r2, [r3]
 152:libs/STM32F4xx_StdPeriph_Driver/src/stm32f4xx_syscfg.c **** }
 209              		.loc 1 152 0
 210 000e 0C37     		adds	r7, r7, #12
 211 0010 BD46     		mov	sp, r7
 212              		@ sp needed
 213 0012 5DF8047B 		ldr	r7, [sp], #4
 214 0016 7047     		bx	lr
 215              	.L10:
 216              		.align	2
 217              	.L9:
 218 0018 DC002742 		.word	1109852380
 219              		.cfi_endproc
 220              	.LFE113:
 222              		.section	.text.SYSCFG_CompensationCellCmd,"ax",%progbits
 223              		.align	2
 224              		.global	SYSCFG_CompensationCellCmd
 225              		.thumb
 226              		.thumb_func
 228              	SYSCFG_CompensationCellCmd:
 229              	.LFB114:
 153:libs/STM32F4xx_StdPeriph_Driver/src/stm32f4xx_syscfg.c **** 
 154:libs/STM32F4xx_StdPeriph_Driver/src/stm32f4xx_syscfg.c **** /**
 155:libs/STM32F4xx_StdPeriph_Driver/src/stm32f4xx_syscfg.c ****   * @brief  Enables or disables the I/O Compensation Cell.
 156:libs/STM32F4xx_StdPeriph_Driver/src/stm32f4xx_syscfg.c ****   * @note   The I/O compensation cell can be used only when the device supply
 157:libs/STM32F4xx_StdPeriph_Driver/src/stm32f4xx_syscfg.c ****   *         voltage ranges from 2.4 to 3.6 V.  
 158:libs/STM32F4xx_StdPeriph_Driver/src/stm32f4xx_syscfg.c ****   * @param  NewState: new state of the I/O Compensation Cell.
 159:libs/STM32F4xx_StdPeriph_Driver/src/stm32f4xx_syscfg.c ****   *          This parameter can be one of the following values:
 160:libs/STM32F4xx_StdPeriph_Driver/src/stm32f4xx_syscfg.c ****   *            @arg ENABLE: I/O compensation cell enabled  
 161:libs/STM32F4xx_StdPeriph_Driver/src/stm32f4xx_syscfg.c ****   *            @arg DISABLE: I/O compensation cell power-down mode  
 162:libs/STM32F4xx_StdPeriph_Driver/src/stm32f4xx_syscfg.c ****   * @retval None
 163:libs/STM32F4xx_StdPeriph_Driver/src/stm32f4xx_syscfg.c ****   */
 164:libs/STM32F4xx_StdPeriph_Driver/src/stm32f4xx_syscfg.c **** void SYSCFG_CompensationCellCmd(FunctionalState NewState)
 165:libs/STM32F4xx_StdPeriph_Driver/src/stm32f4xx_syscfg.c **** {
 230              		.loc 1 165 0
 231              		.cfi_startproc
 232              		@ args = 0, pretend = 0, frame = 8
 233              		@ frame_needed = 1, uses_anonymous_args = 0
 234              		@ link register save eliminated.
 235 0000 80B4     		push	{r7}
 236              	.LCFI11:
 237              		.cfi_def_cfa_offset 4
 238              		.cfi_offset 7, -4
 239 0002 83B0     		sub	sp, sp, #12
 240              	.LCFI12:
 241              		.cfi_def_cfa_offset 16
 242 0004 00AF     		add	r7, sp, #0
 243              	.LCFI13:
 244              		.cfi_def_cfa_register 7
 245 0006 0346     		mov	r3, r0
 246 0008 FB71     		strb	r3, [r7, #7]
 166:libs/STM32F4xx_StdPeriph_Driver/src/stm32f4xx_syscfg.c ****   /* Check the parameters */
 167:libs/STM32F4xx_StdPeriph_Driver/src/stm32f4xx_syscfg.c ****   assert_param(IS_FUNCTIONAL_STATE(NewState));
 168:libs/STM32F4xx_StdPeriph_Driver/src/stm32f4xx_syscfg.c **** 
 169:libs/STM32F4xx_StdPeriph_Driver/src/stm32f4xx_syscfg.c ****   *(__IO uint32_t *) CMPCR_CMP_PD_BB = (uint32_t)NewState;
 247              		.loc 1 169 0
 248 000a 044B     		ldr	r3, .L12
 249 000c FA79     		ldrb	r2, [r7, #7]	@ zero_extendqisi2
 250 000e 1A60     		str	r2, [r3]
 170:libs/STM32F4xx_StdPeriph_Driver/src/stm32f4xx_syscfg.c **** }
 251              		.loc 1 170 0
 252 0010 0C37     		adds	r7, r7, #12
 253 0012 BD46     		mov	sp, r7
 254              		@ sp needed
 255 0014 5DF8047B 		ldr	r7, [sp], #4
 256 0018 7047     		bx	lr
 257              	.L13:
 258 001a 00BF     		.align	2
 259              	.L12:
 260 001c 00042742 		.word	1109853184
 261              		.cfi_endproc
 262              	.LFE114:
 264              		.section	.text.SYSCFG_GetCompensationCellStatus,"ax",%progbits
 265              		.align	2
 266              		.global	SYSCFG_GetCompensationCellStatus
 267              		.thumb
 268              		.thumb_func
 270              	SYSCFG_GetCompensationCellStatus:
 271              	.LFB115:
 171:libs/STM32F4xx_StdPeriph_Driver/src/stm32f4xx_syscfg.c **** 
 172:libs/STM32F4xx_StdPeriph_Driver/src/stm32f4xx_syscfg.c **** /**
 173:libs/STM32F4xx_StdPeriph_Driver/src/stm32f4xx_syscfg.c ****   * @brief  Checks whether the I/O Compensation Cell ready flag is set or not.
 174:libs/STM32F4xx_StdPeriph_Driver/src/stm32f4xx_syscfg.c ****   * @param  None
 175:libs/STM32F4xx_StdPeriph_Driver/src/stm32f4xx_syscfg.c ****   * @retval The new state of the I/O Compensation Cell ready flag (SET or RESET)
 176:libs/STM32F4xx_StdPeriph_Driver/src/stm32f4xx_syscfg.c ****   */
 177:libs/STM32F4xx_StdPeriph_Driver/src/stm32f4xx_syscfg.c **** FlagStatus SYSCFG_GetCompensationCellStatus(void)
 178:libs/STM32F4xx_StdPeriph_Driver/src/stm32f4xx_syscfg.c **** {
 272              		.loc 1 178 0
 273              		.cfi_startproc
 274              		@ args = 0, pretend = 0, frame = 8
 275              		@ frame_needed = 1, uses_anonymous_args = 0
 276              		@ link register save eliminated.
 277 0000 80B4     		push	{r7}
 278              	.LCFI14:
 279              		.cfi_def_cfa_offset 4
 280              		.cfi_offset 7, -4
 281 0002 83B0     		sub	sp, sp, #12
 282              	.LCFI15:
 283              		.cfi_def_cfa_offset 16
 284 0004 00AF     		add	r7, sp, #0
 285              	.LCFI16:
 286              		.cfi_def_cfa_register 7
 179:libs/STM32F4xx_StdPeriph_Driver/src/stm32f4xx_syscfg.c ****   FlagStatus bitstatus = RESET;
 287              		.loc 1 179 0
 288 0006 0023     		movs	r3, #0
 289 0008 FB71     		strb	r3, [r7, #7]
 180:libs/STM32F4xx_StdPeriph_Driver/src/stm32f4xx_syscfg.c ****     
 181:libs/STM32F4xx_StdPeriph_Driver/src/stm32f4xx_syscfg.c ****   if ((SYSCFG->CMPCR & SYSCFG_CMPCR_READY ) != (uint32_t)RESET)
 290              		.loc 1 181 0
 291 000a 094B     		ldr	r3, .L18
 292 000c 1B6A     		ldr	r3, [r3, #32]
 293 000e 03F48073 		and	r3, r3, #256
 294 0012 002B     		cmp	r3, #0
 295 0014 02D0     		beq	.L15
 182:libs/STM32F4xx_StdPeriph_Driver/src/stm32f4xx_syscfg.c ****   {
 183:libs/STM32F4xx_StdPeriph_Driver/src/stm32f4xx_syscfg.c ****     bitstatus = SET;
 296              		.loc 1 183 0
 297 0016 0123     		movs	r3, #1
 298 0018 FB71     		strb	r3, [r7, #7]
 299 001a 01E0     		b	.L16
 300              	.L15:
 184:libs/STM32F4xx_StdPeriph_Driver/src/stm32f4xx_syscfg.c ****   }
 185:libs/STM32F4xx_StdPeriph_Driver/src/stm32f4xx_syscfg.c ****   else
 186:libs/STM32F4xx_StdPeriph_Driver/src/stm32f4xx_syscfg.c ****   {
 187:libs/STM32F4xx_StdPeriph_Driver/src/stm32f4xx_syscfg.c ****     bitstatus = RESET;
 301              		.loc 1 187 0
 302 001c 0023     		movs	r3, #0
 303 001e FB71     		strb	r3, [r7, #7]
 304              	.L16:
 188:libs/STM32F4xx_StdPeriph_Driver/src/stm32f4xx_syscfg.c ****   }
 189:libs/STM32F4xx_StdPeriph_Driver/src/stm32f4xx_syscfg.c ****   return bitstatus;
 305              		.loc 1 189 0
 306 0020 FB79     		ldrb	r3, [r7, #7]	@ zero_extendqisi2
 190:libs/STM32F4xx_StdPeriph_Driver/src/stm32f4xx_syscfg.c **** }
 307              		.loc 1 190 0
 308 0022 1846     		mov	r0, r3
 309 0024 0C37     		adds	r7, r7, #12
 310 0026 BD46     		mov	sp, r7
 311              		@ sp needed
 312 0028 5DF8047B 		ldr	r7, [sp], #4
 313 002c 7047     		bx	lr
 314              	.L19:
 315 002e 00BF     		.align	2
 316              	.L18:
 317 0030 00380140 		.word	1073821696
 318              		.cfi_endproc
 319              	.LFE115:
 321              		.text
 322              	.Letext0:
 323              		.file 2 "/home/shihyu/data/STM32F4/gcc-arm-none-eabi-4_8-2013q4/arm-none-eabi/include/stdint.h"
 324              		.file 3 "libs/Device/STM32F4xx/Include/stm32f4xx.h"
 325              		.file 4 "libs/CMSIS/Include/core_cm4.h"
DEFINED SYMBOLS
                            *ABS*:00000000 stm32f4xx_syscfg.c
     /tmp/ccXKNFd5.s:20     .text.SYSCFG_DeInit:00000000 $t
     /tmp/ccXKNFd5.s:25     .text.SYSCFG_DeInit:00000000 SYSCFG_DeInit
     /tmp/ccXKNFd5.s:54     .text.SYSCFG_MemoryRemapConfig:00000000 $t
     /tmp/ccXKNFd5.s:59     .text.SYSCFG_MemoryRemapConfig:00000000 SYSCFG_MemoryRemapConfig
     /tmp/ccXKNFd5.s:91     .text.SYSCFG_MemoryRemapConfig:0000001c $d
     /tmp/ccXKNFd5.s:96     .text.SYSCFG_EXTILineConfig:00000000 $t
     /tmp/ccXKNFd5.s:101    .text.SYSCFG_EXTILineConfig:00000000 SYSCFG_EXTILineConfig
     /tmp/ccXKNFd5.s:177    .text.SYSCFG_EXTILineConfig:00000078 $d
     /tmp/ccXKNFd5.s:182    .text.SYSCFG_ETH_MediaInterfaceConfig:00000000 $t
     /tmp/ccXKNFd5.s:187    .text.SYSCFG_ETH_MediaInterfaceConfig:00000000 SYSCFG_ETH_MediaInterfaceConfig
     /tmp/ccXKNFd5.s:218    .text.SYSCFG_ETH_MediaInterfaceConfig:00000018 $d
     /tmp/ccXKNFd5.s:223    .text.SYSCFG_CompensationCellCmd:00000000 $t
     /tmp/ccXKNFd5.s:228    .text.SYSCFG_CompensationCellCmd:00000000 SYSCFG_CompensationCellCmd
     /tmp/ccXKNFd5.s:260    .text.SYSCFG_CompensationCellCmd:0000001c $d
     /tmp/ccXKNFd5.s:265    .text.SYSCFG_GetCompensationCellStatus:00000000 $t
     /tmp/ccXKNFd5.s:270    .text.SYSCFG_GetCompensationCellStatus:00000000 SYSCFG_GetCompensationCellStatus
     /tmp/ccXKNFd5.s:317    .text.SYSCFG_GetCompensationCellStatus:00000030 $d
                     .debug_frame:00000010 $d

UNDEFINED SYMBOLS
RCC_APB2PeriphResetCmd
