   1              		.syntax unified
   2              		.cpu cortex-m4
   3              		.eabi_attribute 27, 3
   4              		.fpu fpv4-sp-d16
   5              		.eabi_attribute 20, 1
   6              		.eabi_attribute 21, 1
   7              		.eabi_attribute 23, 3
   8              		.eabi_attribute 24, 1
   9              		.eabi_attribute 25, 1
  10              		.eabi_attribute 26, 1
  11              		.eabi_attribute 30, 6
  12              		.eabi_attribute 34, 1
  13              		.eabi_attribute 18, 4
  14              		.thumb
  15              		.file	"flash.c"
  16              		.text
  17              	.Ltext0:
  18              		.cfi_sections	.debug_frame
  19              		.section	.bss.uxFlashTaskNumber,"aw",%nobits
  20              		.align	2
  23              	uxFlashTaskNumber:
  24 0000 00000000 		.space	4
  25              		.section	.rodata
  26              		.align	2
  27              	.LC0:
  28 0000 4C454478 		.ascii	"LEDx\000"
  28      00
  29 0005 000000   		.section	.text.vStartLEDFlashTasks,"ax",%progbits
  30              		.align	2
  31              		.global	vStartLEDFlashTasks
  32              		.thumb
  33              		.thumb_func
  35              	vStartLEDFlashTasks:
  36              	.LFB110:
  37              		.file 1 "App/Common/Minimal/flash.c"
   1:App/Common/Minimal/flash.c **** /*
   2:App/Common/Minimal/flash.c ****     FreeRTOS V7.5.3 - Copyright (C) 2013 Real Time Engineers Ltd. 
   3:App/Common/Minimal/flash.c ****     All rights reserved
   4:App/Common/Minimal/flash.c **** 
   5:App/Common/Minimal/flash.c ****     VISIT http://www.FreeRTOS.org TO ENSURE YOU ARE USING THE LATEST VERSION.
   6:App/Common/Minimal/flash.c **** 
   7:App/Common/Minimal/flash.c ****     ***************************************************************************
   8:App/Common/Minimal/flash.c ****      *                                                                       *
   9:App/Common/Minimal/flash.c ****      *    FreeRTOS provides completely free yet professionally developed,    *
  10:App/Common/Minimal/flash.c ****      *    robust, strictly quality controlled, supported, and cross          *
  11:App/Common/Minimal/flash.c ****      *    platform software that has become a de facto standard.             *
  12:App/Common/Minimal/flash.c ****      *                                                                       *
  13:App/Common/Minimal/flash.c ****      *    Help yourself get started quickly and support the FreeRTOS         *
  14:App/Common/Minimal/flash.c ****      *    project by purchasing a FreeRTOS tutorial book, reference          *
  15:App/Common/Minimal/flash.c ****      *    manual, or both from: http://www.FreeRTOS.org/Documentation        *
  16:App/Common/Minimal/flash.c ****      *                                                                       *
  17:App/Common/Minimal/flash.c ****      *    Thank you!                                                         *
  18:App/Common/Minimal/flash.c ****      *                                                                       *
  19:App/Common/Minimal/flash.c ****     ***************************************************************************
  20:App/Common/Minimal/flash.c **** 
  21:App/Common/Minimal/flash.c ****     This file is part of the FreeRTOS distribution.
  22:App/Common/Minimal/flash.c **** 
  23:App/Common/Minimal/flash.c ****     FreeRTOS is free software; you can redistribute it and/or modify it under
  24:App/Common/Minimal/flash.c ****     the terms of the GNU General Public License (version 2) as published by the
  25:App/Common/Minimal/flash.c ****     Free Software Foundation >>!AND MODIFIED BY!<< the FreeRTOS exception.
  26:App/Common/Minimal/flash.c **** 
  27:App/Common/Minimal/flash.c ****     >>! NOTE: The modification to the GPL is included to allow you to distribute
  28:App/Common/Minimal/flash.c ****     >>! a combined work that includes FreeRTOS without being obliged to provide
  29:App/Common/Minimal/flash.c ****     >>! the source code for proprietary components outside of the FreeRTOS
  30:App/Common/Minimal/flash.c ****     >>! kernel.
  31:App/Common/Minimal/flash.c **** 
  32:App/Common/Minimal/flash.c ****     FreeRTOS is distributed in the hope that it will be useful, but WITHOUT ANY
  33:App/Common/Minimal/flash.c ****     WARRANTY; without even the implied warranty of MERCHANTABILITY or FITNESS
  34:App/Common/Minimal/flash.c ****     FOR A PARTICULAR PURPOSE.  Full license text is available from the following
  35:App/Common/Minimal/flash.c ****     link: http://www.freertos.org/a00114.html
  36:App/Common/Minimal/flash.c **** 
  37:App/Common/Minimal/flash.c ****     1 tab == 4 spaces!
  38:App/Common/Minimal/flash.c **** 
  39:App/Common/Minimal/flash.c ****     ***************************************************************************
  40:App/Common/Minimal/flash.c ****      *                                                                       *
  41:App/Common/Minimal/flash.c ****      *    Having a problem?  Start by reading the FAQ "My application does   *
  42:App/Common/Minimal/flash.c ****      *    not run, what could be wrong?"                                     *
  43:App/Common/Minimal/flash.c ****      *                                                                       *
  44:App/Common/Minimal/flash.c ****      *    http://www.FreeRTOS.org/FAQHelp.html                               *
  45:App/Common/Minimal/flash.c ****      *                                                                       *
  46:App/Common/Minimal/flash.c ****     ***************************************************************************
  47:App/Common/Minimal/flash.c **** 
  48:App/Common/Minimal/flash.c ****     http://www.FreeRTOS.org - Documentation, books, training, latest versions,
  49:App/Common/Minimal/flash.c ****     license and Real Time Engineers Ltd. contact details.
  50:App/Common/Minimal/flash.c **** 
  51:App/Common/Minimal/flash.c ****     http://www.FreeRTOS.org/plus - A selection of FreeRTOS ecosystem products,
  52:App/Common/Minimal/flash.c ****     including FreeRTOS+Trace - an indispensable productivity tool, a DOS
  53:App/Common/Minimal/flash.c ****     compatible FAT file system, and our tiny thread aware UDP/IP stack.
  54:App/Common/Minimal/flash.c **** 
  55:App/Common/Minimal/flash.c ****     http://www.OpenRTOS.com - Real Time Engineers ltd license FreeRTOS to High
  56:App/Common/Minimal/flash.c ****     Integrity Systems to sell under the OpenRTOS brand.  Low cost OpenRTOS
  57:App/Common/Minimal/flash.c ****     licenses offer ticketed support, indemnification and middleware.
  58:App/Common/Minimal/flash.c **** 
  59:App/Common/Minimal/flash.c ****     http://www.SafeRTOS.com - High Integrity Systems also provide a safety
  60:App/Common/Minimal/flash.c ****     engineered and independently SIL3 certified version for use in safety and
  61:App/Common/Minimal/flash.c ****     mission critical applications that require provable dependability.
  62:App/Common/Minimal/flash.c **** 
  63:App/Common/Minimal/flash.c ****     1 tab == 4 spaces!
  64:App/Common/Minimal/flash.c **** */
  65:App/Common/Minimal/flash.c **** 
  66:App/Common/Minimal/flash.c **** /**
  67:App/Common/Minimal/flash.c ****  * This version of flash .c is for use on systems that have limited stack space
  68:App/Common/Minimal/flash.c ****  * and no display facilities.  The complete version can be found in the 
  69:App/Common/Minimal/flash.c ****  * Demo/Common/Full directory.
  70:App/Common/Minimal/flash.c ****  * 
  71:App/Common/Minimal/flash.c ****  * Three tasks are created, each of which flash an LED at a different rate.  The first 
  72:App/Common/Minimal/flash.c ****  * LED flashes every 200ms, the second every 400ms, the third every 600ms.
  73:App/Common/Minimal/flash.c ****  *
  74:App/Common/Minimal/flash.c ****  * The LED flash tasks provide instant visual feedback.  They show that the scheduler 
  75:App/Common/Minimal/flash.c ****  * is still operational.
  76:App/Common/Minimal/flash.c ****  *
  77:App/Common/Minimal/flash.c ****  */
  78:App/Common/Minimal/flash.c **** 
  79:App/Common/Minimal/flash.c **** 
  80:App/Common/Minimal/flash.c **** #include <stdlib.h>
  81:App/Common/Minimal/flash.c **** 
  82:App/Common/Minimal/flash.c **** /* Scheduler include files. */
  83:App/Common/Minimal/flash.c **** #include "FreeRTOS.h"
  84:App/Common/Minimal/flash.c **** #include "task.h"
  85:App/Common/Minimal/flash.c **** 
  86:App/Common/Minimal/flash.c **** /* Demo program include files. */
  87:App/Common/Minimal/flash.c **** #include "partest.h"
  88:App/Common/Minimal/flash.c **** #include "flash.h"
  89:App/Common/Minimal/flash.c **** 
  90:App/Common/Minimal/flash.c **** #define ledSTACK_SIZE		configMINIMAL_STACK_SIZE
  91:App/Common/Minimal/flash.c **** #define ledNUMBER_OF_LEDS	( 3 )
  92:App/Common/Minimal/flash.c **** #define ledFLASH_RATE_BASE	( ( portTickType ) 333 )
  93:App/Common/Minimal/flash.c **** 
  94:App/Common/Minimal/flash.c **** /* Variable used by the created tasks to calculate the LED number to use, and
  95:App/Common/Minimal/flash.c **** the rate at which they should flash the LED. */
  96:App/Common/Minimal/flash.c **** static volatile unsigned portBASE_TYPE uxFlashTaskNumber = 0;
  97:App/Common/Minimal/flash.c **** 
  98:App/Common/Minimal/flash.c **** /* The task that is created three times. */
  99:App/Common/Minimal/flash.c **** static portTASK_FUNCTION_PROTO( vLEDFlashTask, pvParameters );
 100:App/Common/Minimal/flash.c **** 
 101:App/Common/Minimal/flash.c **** /*-----------------------------------------------------------*/
 102:App/Common/Minimal/flash.c **** 
 103:App/Common/Minimal/flash.c **** void vStartLEDFlashTasks( unsigned portBASE_TYPE uxPriority )
 104:App/Common/Minimal/flash.c **** {
  38              		.loc 1 104 0
  39              		.cfi_startproc
  40              		@ args = 0, pretend = 0, frame = 16
  41              		@ frame_needed = 1, uses_anonymous_args = 0
  42 0000 80B5     		push	{r7, lr}
  43              	.LCFI0:
  44              		.cfi_def_cfa_offset 8
  45              		.cfi_offset 7, -8
  46              		.cfi_offset 14, -4
  47 0002 88B0     		sub	sp, sp, #32
  48              	.LCFI1:
  49              		.cfi_def_cfa_offset 40
  50 0004 04AF     		add	r7, sp, #16
  51              	.LCFI2:
  52              		.cfi_def_cfa 7, 24
  53 0006 7860     		str	r0, [r7, #4]
 105:App/Common/Minimal/flash.c **** signed portBASE_TYPE xLEDTask;
 106:App/Common/Minimal/flash.c **** 
 107:App/Common/Minimal/flash.c **** 	/* Create the three tasks. */
 108:App/Common/Minimal/flash.c **** 	//for( xLEDTask = 0; xLEDTask < ledNUMBER_OF_LEDS; ++xLEDTask )
 109:App/Common/Minimal/flash.c **** 	for( xLEDTask = 0; xLEDTask < 3; ++xLEDTask )
  54              		.loc 1 109 0
  55 0008 0023     		movs	r3, #0
  56 000a FB60     		str	r3, [r7, #12]
  57 000c 10E0     		b	.L2
  58              	.L3:
 110:App/Common/Minimal/flash.c **** 	{
 111:App/Common/Minimal/flash.c **** 		/* Spawn the task. */
 112:App/Common/Minimal/flash.c **** 		xTaskCreate( vLEDFlashTask, ( signed char * ) "LEDx", ledSTACK_SIZE, NULL, uxPriority, ( xTaskHan
  59              		.loc 1 112 0 discriminator 2
  60 000e 7B68     		ldr	r3, [r7, #4]
  61 0010 0093     		str	r3, [sp]
  62 0012 0023     		movs	r3, #0
  63 0014 0193     		str	r3, [sp, #4]
  64 0016 0023     		movs	r3, #0
  65 0018 0293     		str	r3, [sp, #8]
  66 001a 0023     		movs	r3, #0
  67 001c 0393     		str	r3, [sp, #12]
  68 001e 0748     		ldr	r0, .L4
  69 0020 0749     		ldr	r1, .L4+4
  70 0022 8222     		movs	r2, #130
  71 0024 0023     		movs	r3, #0
  72 0026 FFF7FEFF 		bl	xTaskGenericCreate
 109:App/Common/Minimal/flash.c **** 	for( xLEDTask = 0; xLEDTask < 3; ++xLEDTask )
  73              		.loc 1 109 0 discriminator 2
  74 002a FB68     		ldr	r3, [r7, #12]
  75 002c 0133     		adds	r3, r3, #1
  76 002e FB60     		str	r3, [r7, #12]
  77              	.L2:
 109:App/Common/Minimal/flash.c **** 	for( xLEDTask = 0; xLEDTask < 3; ++xLEDTask )
  78              		.loc 1 109 0 is_stmt 0 discriminator 1
  79 0030 FB68     		ldr	r3, [r7, #12]
  80 0032 022B     		cmp	r3, #2
  81 0034 EBDD     		ble	.L3
 113:App/Common/Minimal/flash.c **** 	}
 114:App/Common/Minimal/flash.c **** }
  82              		.loc 1 114 0 is_stmt 1
  83 0036 1037     		adds	r7, r7, #16
  84 0038 BD46     		mov	sp, r7
  85              		@ sp needed
  86 003a 80BD     		pop	{r7, pc}
  87              	.L5:
  88              		.align	2
  89              	.L4:
  90 003c 00000000 		.word	vLEDFlashTask
  91 0040 00000000 		.word	.LC0
  92              		.cfi_endproc
  93              	.LFE110:
  95              		.section	.text.vLEDFlashTask,"ax",%progbits
  96              		.align	2
  97              		.thumb
  98              		.thumb_func
 100              	vLEDFlashTask:
 101              	.LFB111:
 115:App/Common/Minimal/flash.c **** /*-----------------------------------------------------------*/
 116:App/Common/Minimal/flash.c **** 
 117:App/Common/Minimal/flash.c **** static portTASK_FUNCTION( vLEDFlashTask, pvParameters )
 118:App/Common/Minimal/flash.c **** {
 102              		.loc 1 118 0
 103              		.cfi_startproc
 104              		@ args = 0, pretend = 0, frame = 24
 105              		@ frame_needed = 1, uses_anonymous_args = 0
 106 0000 80B5     		push	{r7, lr}
 107              	.LCFI3:
 108              		.cfi_def_cfa_offset 8
 109              		.cfi_offset 7, -8
 110              		.cfi_offset 14, -4
 111 0002 86B0     		sub	sp, sp, #24
 112              	.LCFI4:
 113              		.cfi_def_cfa_offset 32
 114 0004 00AF     		add	r7, sp, #0
 115              	.LCFI5:
 116              		.cfi_def_cfa_register 7
 117 0006 7860     		str	r0, [r7, #4]
 119:App/Common/Minimal/flash.c **** portTickType xFlashRate, xLastFlashTime;
 120:App/Common/Minimal/flash.c **** unsigned portBASE_TYPE uxLED;
 121:App/Common/Minimal/flash.c **** 
 122:App/Common/Minimal/flash.c **** 	/* The parameters are not used. */
 123:App/Common/Minimal/flash.c **** 	( void ) pvParameters;
 124:App/Common/Minimal/flash.c **** 
 125:App/Common/Minimal/flash.c **** 	/* Calculate the LED and flash rate. */
 126:App/Common/Minimal/flash.c **** 	portENTER_CRITICAL();
 118              		.loc 1 126 0
 119 0008 FFF7FEFF 		bl	vPortEnterCritical
 127:App/Common/Minimal/flash.c **** 	{
 128:App/Common/Minimal/flash.c **** 		/* See which of the eight LED's we should use. */
 129:App/Common/Minimal/flash.c **** 		uxLED = uxFlashTaskNumber;
 120              		.loc 1 129 0
 121 000c 154B     		ldr	r3, .L8
 122 000e 1B68     		ldr	r3, [r3]
 123 0010 7B61     		str	r3, [r7, #20]
 130:App/Common/Minimal/flash.c **** 
 131:App/Common/Minimal/flash.c **** 		/* Update so the next task uses the next LED. */
 132:App/Common/Minimal/flash.c **** 		uxFlashTaskNumber++;
 124              		.loc 1 132 0
 125 0012 144B     		ldr	r3, .L8
 126 0014 1B68     		ldr	r3, [r3]
 127 0016 5A1C     		adds	r2, r3, #1
 128 0018 124B     		ldr	r3, .L8
 129 001a 1A60     		str	r2, [r3]
 133:App/Common/Minimal/flash.c **** 	}
 134:App/Common/Minimal/flash.c **** 	portEXIT_CRITICAL();
 130              		.loc 1 134 0
 131 001c FFF7FEFF 		bl	vPortExitCritical
 135:App/Common/Minimal/flash.c **** 
 136:App/Common/Minimal/flash.c **** 	xFlashRate = ledFLASH_RATE_BASE + ( ledFLASH_RATE_BASE * ( portTickType ) uxLED );
 132              		.loc 1 136 0
 133 0020 7B69     		ldr	r3, [r7, #20]
 134 0022 0133     		adds	r3, r3, #1
 135 0024 40F24D12 		movw	r2, #333
 136 0028 02FB03F3 		mul	r3, r2, r3
 137 002c 3B61     		str	r3, [r7, #16]
 137:App/Common/Minimal/flash.c **** 	xFlashRate /= portTICK_RATE_MS;
 138:App/Common/Minimal/flash.c **** 
 139:App/Common/Minimal/flash.c **** 	/* We will turn the LED on and off again in the delay period, so each
 140:App/Common/Minimal/flash.c **** 	delay is only half the total period. */
 141:App/Common/Minimal/flash.c **** 	xFlashRate /= ( portTickType ) 2;
 138              		.loc 1 141 0
 139 002e 3B69     		ldr	r3, [r7, #16]
 140 0030 5B08     		lsrs	r3, r3, #1
 141 0032 3B61     		str	r3, [r7, #16]
 142:App/Common/Minimal/flash.c **** 
 143:App/Common/Minimal/flash.c **** 	/* We need to initialise xLastFlashTime prior to the first call to 
 144:App/Common/Minimal/flash.c **** 	vTaskDelayUntil(). */
 145:App/Common/Minimal/flash.c **** 	xLastFlashTime = xTaskGetTickCount();
 142              		.loc 1 145 0
 143 0034 FFF7FEFF 		bl	xTaskGetTickCount
 144 0038 0346     		mov	r3, r0
 145 003a FB60     		str	r3, [r7, #12]
 146              	.L7:
 146:App/Common/Minimal/flash.c **** 
 147:App/Common/Minimal/flash.c **** 	for(;;)
 148:App/Common/Minimal/flash.c **** 	{
 149:App/Common/Minimal/flash.c **** 		/* Delay for half the flash period then turn the LED on. */
 150:App/Common/Minimal/flash.c **** 		vTaskDelayUntil( &xLastFlashTime, xFlashRate );
 147              		.loc 1 150 0 discriminator 1
 148 003c 07F10C03 		add	r3, r7, #12
 149 0040 1846     		mov	r0, r3
 150 0042 3969     		ldr	r1, [r7, #16]
 151 0044 FFF7FEFF 		bl	vTaskDelayUntil
 151:App/Common/Minimal/flash.c **** 		vParTestToggleLED( uxLED );
 152              		.loc 1 151 0 discriminator 1
 153 0048 7869     		ldr	r0, [r7, #20]
 154 004a FFF7FEFF 		bl	vParTestToggleLED
 152:App/Common/Minimal/flash.c **** 
 153:App/Common/Minimal/flash.c **** 		/* Delay for half the flash period then turn the LED off. */
 154:App/Common/Minimal/flash.c **** 		vTaskDelayUntil( &xLastFlashTime, xFlashRate );
 155              		.loc 1 154 0 discriminator 1
 156 004e 07F10C03 		add	r3, r7, #12
 157 0052 1846     		mov	r0, r3
 158 0054 3969     		ldr	r1, [r7, #16]
 159 0056 FFF7FEFF 		bl	vTaskDelayUntil
 155:App/Common/Minimal/flash.c **** 		vParTestToggleLED( uxLED );
 160              		.loc 1 155 0 discriminator 1
 161 005a 7869     		ldr	r0, [r7, #20]
 162 005c FFF7FEFF 		bl	vParTestToggleLED
 156:App/Common/Minimal/flash.c **** 	}
 163              		.loc 1 156 0 discriminator 1
 164 0060 ECE7     		b	.L7
 165              	.L9:
 166 0062 00BF     		.align	2
 167              	.L8:
 168 0064 00000000 		.word	uxFlashTaskNumber
 169              		.cfi_endproc
 170              	.LFE111:
 172              		.text
 173              	.Letext0:
 174              		.file 2 "/home/shihyu/data/STM32F4/gcc-arm-none-eabi-4_8-2013q4/arm-none-eabi/include/stdint.h"
 175              		.file 3 "Source/portable/GCC/ARM_CM4F/portmacro.h"
 176              		.file 4 "Source/include/task.h"
 177              		.file 5 "App/STM32F4-Discovery/Libraries/CMSIS/Include/core_cm4.h"
DEFINED SYMBOLS
                            *ABS*:00000000 flash.c
     /tmp/cckDlJJS.s:20     .bss.uxFlashTaskNumber:00000000 $d
     /tmp/cckDlJJS.s:23     .bss.uxFlashTaskNumber:00000000 uxFlashTaskNumber
     /tmp/cckDlJJS.s:26     .rodata:00000000 $d
     /tmp/cckDlJJS.s:30     .text.vStartLEDFlashTasks:00000000 $t
     /tmp/cckDlJJS.s:35     .text.vStartLEDFlashTasks:00000000 vStartLEDFlashTasks
     /tmp/cckDlJJS.s:90     .text.vStartLEDFlashTasks:0000003c $d
     /tmp/cckDlJJS.s:100    .text.vLEDFlashTask:00000000 vLEDFlashTask
     /tmp/cckDlJJS.s:96     .text.vLEDFlashTask:00000000 $t
     /tmp/cckDlJJS.s:168    .text.vLEDFlashTask:00000064 $d
                     .debug_frame:00000010 $d

UNDEFINED SYMBOLS
xTaskGenericCreate
vPortEnterCritical
vPortExitCritical
xTaskGetTickCount
vTaskDelayUntil
vParTestToggleLED
