   1              		.syntax unified
   2              		.cpu cortex-m4
   3              		.eabi_attribute 27, 3
   4              		.fpu fpv4-sp-d16
   5              		.eabi_attribute 20, 1
   6              		.eabi_attribute 21, 1
   7              		.eabi_attribute 23, 3
   8              		.eabi_attribute 24, 1
   9              		.eabi_attribute 25, 1
  10              		.eabi_attribute 26, 1
  11              		.eabi_attribute 30, 6
  12              		.eabi_attribute 34, 1
  13              		.eabi_attribute 18, 4
  14              		.thumb
  15              		.file	"misc.c"
  16              		.text
  17              	.Ltext0:
  18              		.cfi_sections	.debug_frame
  19              		.section	.rodata
  20              		.align	2
  21              	.LC0:
  22 0000 4170702F 		.ascii	"App/STM32F4-Discovery/Libraries/STM32F4xx_StdPeriph"
  22      53544D33 
  22      3246342D 
  22      44697363 
  22      6F766572 
  23 0033 5F447269 		.ascii	"_Driver/src/misc.c\000"
  23      7665722F 
  23      7372632F 
  23      6D697363 
  23      2E6300
  24 0046 0000     		.section	.text.NVIC_PriorityGroupConfig,"ax",%progbits
  25              		.align	2
  26              		.global	NVIC_PriorityGroupConfig
  27              		.thumb
  28              		.thumb_func
  30              	NVIC_PriorityGroupConfig:
  31              	.LFB110:
  32              		.file 1 "App/STM32F4-Discovery/Libraries/STM32F4xx_StdPeriph_Driver/src/misc.c"
   1:App/STM32F4-Discovery/Libraries/STM32F4xx_StdPeriph_Driver/src/misc.c **** /**
   2:App/STM32F4-Discovery/Libraries/STM32F4xx_StdPeriph_Driver/src/misc.c ****   ******************************************************************************
   3:App/STM32F4-Discovery/Libraries/STM32F4xx_StdPeriph_Driver/src/misc.c ****   * @file    misc.c
   4:App/STM32F4-Discovery/Libraries/STM32F4xx_StdPeriph_Driver/src/misc.c ****   * @author  MCD Application Team
   5:App/STM32F4-Discovery/Libraries/STM32F4xx_StdPeriph_Driver/src/misc.c ****   * @version V1.0.0
   6:App/STM32F4-Discovery/Libraries/STM32F4xx_StdPeriph_Driver/src/misc.c ****   * @date    30-September-2011
   7:App/STM32F4-Discovery/Libraries/STM32F4xx_StdPeriph_Driver/src/misc.c ****   * @brief   This file provides all the miscellaneous firmware functions (add-on
   8:App/STM32F4-Discovery/Libraries/STM32F4xx_StdPeriph_Driver/src/misc.c ****   *          to CMSIS functions).
   9:App/STM32F4-Discovery/Libraries/STM32F4xx_StdPeriph_Driver/src/misc.c ****   *          
  10:App/STM32F4-Discovery/Libraries/STM32F4xx_StdPeriph_Driver/src/misc.c ****   *  @verbatim   
  11:App/STM32F4-Discovery/Libraries/STM32F4xx_StdPeriph_Driver/src/misc.c ****   *                               
  12:App/STM32F4-Discovery/Libraries/STM32F4xx_StdPeriph_Driver/src/misc.c ****   *          ===================================================================      
  13:App/STM32F4-Discovery/Libraries/STM32F4xx_StdPeriph_Driver/src/misc.c ****   *                        How to configure Interrupts using driver 
  14:App/STM32F4-Discovery/Libraries/STM32F4xx_StdPeriph_Driver/src/misc.c ****   *          ===================================================================      
  15:App/STM32F4-Discovery/Libraries/STM32F4xx_StdPeriph_Driver/src/misc.c ****   * 
  16:App/STM32F4-Discovery/Libraries/STM32F4xx_StdPeriph_Driver/src/misc.c ****   *            This section provide functions allowing to configure the NVIC interrupts (IRQ).
  17:App/STM32F4-Discovery/Libraries/STM32F4xx_StdPeriph_Driver/src/misc.c ****   *            The Cortex-M4 exceptions are managed by CMSIS functions.
  18:App/STM32F4-Discovery/Libraries/STM32F4xx_StdPeriph_Driver/src/misc.c ****   *
  19:App/STM32F4-Discovery/Libraries/STM32F4xx_StdPeriph_Driver/src/misc.c ****   *            1. Configure the NVIC Priority Grouping using NVIC_PriorityGroupConfig()
  20:App/STM32F4-Discovery/Libraries/STM32F4xx_StdPeriph_Driver/src/misc.c ****   *                function according to the following table.
  21:App/STM32F4-Discovery/Libraries/STM32F4xx_StdPeriph_Driver/src/misc.c ****  
  22:App/STM32F4-Discovery/Libraries/STM32F4xx_StdPeriph_Driver/src/misc.c ****   *  The table below gives the allowed values of the pre-emption priority and subpriority according
  23:App/STM32F4-Discovery/Libraries/STM32F4xx_StdPeriph_Driver/src/misc.c ****   *  to the Priority Grouping configuration performed by NVIC_PriorityGroupConfig function
  24:App/STM32F4-Discovery/Libraries/STM32F4xx_StdPeriph_Driver/src/misc.c ****   *    ============================================================================================
  25:App/STM32F4-Discovery/Libraries/STM32F4xx_StdPeriph_Driver/src/misc.c ****   *      NVIC_PriorityGroup   | NVIC_IRQChannelPreemptionPriority | NVIC_IRQChannelSubPriority  |  
  26:App/STM32F4-Discovery/Libraries/STM32F4xx_StdPeriph_Driver/src/misc.c ****   *    ============================================================================================
  27:App/STM32F4-Discovery/Libraries/STM32F4xx_StdPeriph_Driver/src/misc.c ****   *     NVIC_PriorityGroup_0  |                0                  |            0-15             | 0
  28:App/STM32F4-Discovery/Libraries/STM32F4xx_StdPeriph_Driver/src/misc.c ****   *                           |                                   |                             | 4
  29:App/STM32F4-Discovery/Libraries/STM32F4xx_StdPeriph_Driver/src/misc.c ****   *    --------------------------------------------------------------------------------------------
  30:App/STM32F4-Discovery/Libraries/STM32F4xx_StdPeriph_Driver/src/misc.c ****   *     NVIC_PriorityGroup_1  |                0-1                |            0-7              | 1
  31:App/STM32F4-Discovery/Libraries/STM32F4xx_StdPeriph_Driver/src/misc.c ****   *                           |                                   |                             | 3
  32:App/STM32F4-Discovery/Libraries/STM32F4xx_StdPeriph_Driver/src/misc.c ****   *    --------------------------------------------------------------------------------------------
  33:App/STM32F4-Discovery/Libraries/STM32F4xx_StdPeriph_Driver/src/misc.c ****   *     NVIC_PriorityGroup_2  |                0-3                |            0-3              | 2
  34:App/STM32F4-Discovery/Libraries/STM32F4xx_StdPeriph_Driver/src/misc.c ****   *                           |                                   |                             | 2
  35:App/STM32F4-Discovery/Libraries/STM32F4xx_StdPeriph_Driver/src/misc.c ****   *    --------------------------------------------------------------------------------------------
  36:App/STM32F4-Discovery/Libraries/STM32F4xx_StdPeriph_Driver/src/misc.c ****   *     NVIC_PriorityGroup_3  |                0-7                |            0-1              | 3
  37:App/STM32F4-Discovery/Libraries/STM32F4xx_StdPeriph_Driver/src/misc.c ****   *                           |                                   |                             | 1
  38:App/STM32F4-Discovery/Libraries/STM32F4xx_StdPeriph_Driver/src/misc.c ****   *    --------------------------------------------------------------------------------------------
  39:App/STM32F4-Discovery/Libraries/STM32F4xx_StdPeriph_Driver/src/misc.c ****   *     NVIC_PriorityGroup_4  |                0-15               |            0                | 4
  40:App/STM32F4-Discovery/Libraries/STM32F4xx_StdPeriph_Driver/src/misc.c ****   *                           |                                   |                             | 0
  41:App/STM32F4-Discovery/Libraries/STM32F4xx_StdPeriph_Driver/src/misc.c ****   *    ============================================================================================
  42:App/STM32F4-Discovery/Libraries/STM32F4xx_StdPeriph_Driver/src/misc.c ****   *
  43:App/STM32F4-Discovery/Libraries/STM32F4xx_StdPeriph_Driver/src/misc.c ****   *            2. Enable and Configure the priority of the selected IRQ Channels using NVIC_Init() 
  44:App/STM32F4-Discovery/Libraries/STM32F4xx_StdPeriph_Driver/src/misc.c ****   *
  45:App/STM32F4-Discovery/Libraries/STM32F4xx_StdPeriph_Driver/src/misc.c ****   * @note  When the NVIC_PriorityGroup_0 is selected, IRQ pre-emption is no more possible. 
  46:App/STM32F4-Discovery/Libraries/STM32F4xx_StdPeriph_Driver/src/misc.c ****   *        The pending IRQ priority will be managed only by the subpriority.
  47:App/STM32F4-Discovery/Libraries/STM32F4xx_StdPeriph_Driver/src/misc.c ****   *
  48:App/STM32F4-Discovery/Libraries/STM32F4xx_StdPeriph_Driver/src/misc.c ****   * @note  IRQ priority order (sorted by highest to lowest priority):
  49:App/STM32F4-Discovery/Libraries/STM32F4xx_StdPeriph_Driver/src/misc.c ****   *         - Lowest pre-emption priority
  50:App/STM32F4-Discovery/Libraries/STM32F4xx_StdPeriph_Driver/src/misc.c ****   *         - Lowest subpriority
  51:App/STM32F4-Discovery/Libraries/STM32F4xx_StdPeriph_Driver/src/misc.c ****   *         - Lowest hardware priority (IRQ number)
  52:App/STM32F4-Discovery/Libraries/STM32F4xx_StdPeriph_Driver/src/misc.c ****   *
  53:App/STM32F4-Discovery/Libraries/STM32F4xx_StdPeriph_Driver/src/misc.c ****   *  @endverbatim
  54:App/STM32F4-Discovery/Libraries/STM32F4xx_StdPeriph_Driver/src/misc.c ****   *
  55:App/STM32F4-Discovery/Libraries/STM32F4xx_StdPeriph_Driver/src/misc.c ****   ******************************************************************************
  56:App/STM32F4-Discovery/Libraries/STM32F4xx_StdPeriph_Driver/src/misc.c ****   * @attention
  57:App/STM32F4-Discovery/Libraries/STM32F4xx_StdPeriph_Driver/src/misc.c ****   *
  58:App/STM32F4-Discovery/Libraries/STM32F4xx_StdPeriph_Driver/src/misc.c ****   * THE PRESENT FIRMWARE WHICH IS FOR GUIDANCE ONLY AIMS AT PROVIDING CUSTOMERS
  59:App/STM32F4-Discovery/Libraries/STM32F4xx_StdPeriph_Driver/src/misc.c ****   * WITH CODING INFORMATION REGARDING THEIR PRODUCTS IN ORDER FOR THEM TO SAVE
  60:App/STM32F4-Discovery/Libraries/STM32F4xx_StdPeriph_Driver/src/misc.c ****   * TIME. AS A RESULT, STMICROELECTRONICS SHALL NOT BE HELD LIABLE FOR ANY
  61:App/STM32F4-Discovery/Libraries/STM32F4xx_StdPeriph_Driver/src/misc.c ****   * DIRECT, INDIRECT OR CONSEQUENTIAL DAMAGES WITH RESPECT TO ANY CLAIMS ARISING
  62:App/STM32F4-Discovery/Libraries/STM32F4xx_StdPeriph_Driver/src/misc.c ****   * FROM THE CONTENT OF SUCH FIRMWARE AND/OR THE USE MADE BY CUSTOMERS OF THE
  63:App/STM32F4-Discovery/Libraries/STM32F4xx_StdPeriph_Driver/src/misc.c ****   * CODING INFORMATION CONTAINED HEREIN IN CONNECTION WITH THEIR PRODUCTS.
  64:App/STM32F4-Discovery/Libraries/STM32F4xx_StdPeriph_Driver/src/misc.c ****   *
  65:App/STM32F4-Discovery/Libraries/STM32F4xx_StdPeriph_Driver/src/misc.c ****   * <h2><center>&copy; COPYRIGHT 2011 STMicroelectronics</center></h2>
  66:App/STM32F4-Discovery/Libraries/STM32F4xx_StdPeriph_Driver/src/misc.c ****   ******************************************************************************
  67:App/STM32F4-Discovery/Libraries/STM32F4xx_StdPeriph_Driver/src/misc.c ****   */
  68:App/STM32F4-Discovery/Libraries/STM32F4xx_StdPeriph_Driver/src/misc.c **** 
  69:App/STM32F4-Discovery/Libraries/STM32F4xx_StdPeriph_Driver/src/misc.c **** /* Includes ------------------------------------------------------------------*/
  70:App/STM32F4-Discovery/Libraries/STM32F4xx_StdPeriph_Driver/src/misc.c **** #include "misc.h"
  71:App/STM32F4-Discovery/Libraries/STM32F4xx_StdPeriph_Driver/src/misc.c **** 
  72:App/STM32F4-Discovery/Libraries/STM32F4xx_StdPeriph_Driver/src/misc.c **** /** @addtogroup STM32F4xx_StdPeriph_Driver
  73:App/STM32F4-Discovery/Libraries/STM32F4xx_StdPeriph_Driver/src/misc.c ****   * @{
  74:App/STM32F4-Discovery/Libraries/STM32F4xx_StdPeriph_Driver/src/misc.c ****   */
  75:App/STM32F4-Discovery/Libraries/STM32F4xx_StdPeriph_Driver/src/misc.c **** 
  76:App/STM32F4-Discovery/Libraries/STM32F4xx_StdPeriph_Driver/src/misc.c **** /** @defgroup MISC 
  77:App/STM32F4-Discovery/Libraries/STM32F4xx_StdPeriph_Driver/src/misc.c ****   * @brief MISC driver modules
  78:App/STM32F4-Discovery/Libraries/STM32F4xx_StdPeriph_Driver/src/misc.c ****   * @{
  79:App/STM32F4-Discovery/Libraries/STM32F4xx_StdPeriph_Driver/src/misc.c ****   */
  80:App/STM32F4-Discovery/Libraries/STM32F4xx_StdPeriph_Driver/src/misc.c **** 
  81:App/STM32F4-Discovery/Libraries/STM32F4xx_StdPeriph_Driver/src/misc.c **** /* Private typedef -----------------------------------------------------------*/
  82:App/STM32F4-Discovery/Libraries/STM32F4xx_StdPeriph_Driver/src/misc.c **** /* Private define ------------------------------------------------------------*/
  83:App/STM32F4-Discovery/Libraries/STM32F4xx_StdPeriph_Driver/src/misc.c **** #define AIRCR_VECTKEY_MASK    ((uint32_t)0x05FA0000)
  84:App/STM32F4-Discovery/Libraries/STM32F4xx_StdPeriph_Driver/src/misc.c **** 
  85:App/STM32F4-Discovery/Libraries/STM32F4xx_StdPeriph_Driver/src/misc.c **** /* Private macro -------------------------------------------------------------*/
  86:App/STM32F4-Discovery/Libraries/STM32F4xx_StdPeriph_Driver/src/misc.c **** /* Private variables ---------------------------------------------------------*/
  87:App/STM32F4-Discovery/Libraries/STM32F4xx_StdPeriph_Driver/src/misc.c **** /* Private function prototypes -----------------------------------------------*/
  88:App/STM32F4-Discovery/Libraries/STM32F4xx_StdPeriph_Driver/src/misc.c **** /* Private functions ---------------------------------------------------------*/
  89:App/STM32F4-Discovery/Libraries/STM32F4xx_StdPeriph_Driver/src/misc.c **** 
  90:App/STM32F4-Discovery/Libraries/STM32F4xx_StdPeriph_Driver/src/misc.c **** /** @defgroup MISC_Private_Functions
  91:App/STM32F4-Discovery/Libraries/STM32F4xx_StdPeriph_Driver/src/misc.c ****   * @{
  92:App/STM32F4-Discovery/Libraries/STM32F4xx_StdPeriph_Driver/src/misc.c ****   */
  93:App/STM32F4-Discovery/Libraries/STM32F4xx_StdPeriph_Driver/src/misc.c **** 
  94:App/STM32F4-Discovery/Libraries/STM32F4xx_StdPeriph_Driver/src/misc.c **** /**
  95:App/STM32F4-Discovery/Libraries/STM32F4xx_StdPeriph_Driver/src/misc.c ****   * @brief  Configures the priority grouping: pre-emption priority and subpriority.
  96:App/STM32F4-Discovery/Libraries/STM32F4xx_StdPeriph_Driver/src/misc.c ****   * @param  NVIC_PriorityGroup: specifies the priority grouping bits length. 
  97:App/STM32F4-Discovery/Libraries/STM32F4xx_StdPeriph_Driver/src/misc.c ****   *   This parameter can be one of the following values:
  98:App/STM32F4-Discovery/Libraries/STM32F4xx_StdPeriph_Driver/src/misc.c ****   *     @arg NVIC_PriorityGroup_0: 0 bits for pre-emption priority
  99:App/STM32F4-Discovery/Libraries/STM32F4xx_StdPeriph_Driver/src/misc.c ****   *                                4 bits for subpriority
 100:App/STM32F4-Discovery/Libraries/STM32F4xx_StdPeriph_Driver/src/misc.c ****   *     @arg NVIC_PriorityGroup_1: 1 bits for pre-emption priority
 101:App/STM32F4-Discovery/Libraries/STM32F4xx_StdPeriph_Driver/src/misc.c ****   *                                3 bits for subpriority
 102:App/STM32F4-Discovery/Libraries/STM32F4xx_StdPeriph_Driver/src/misc.c ****   *     @arg NVIC_PriorityGroup_2: 2 bits for pre-emption priority
 103:App/STM32F4-Discovery/Libraries/STM32F4xx_StdPeriph_Driver/src/misc.c ****   *                                2 bits for subpriority
 104:App/STM32F4-Discovery/Libraries/STM32F4xx_StdPeriph_Driver/src/misc.c ****   *     @arg NVIC_PriorityGroup_3: 3 bits for pre-emption priority
 105:App/STM32F4-Discovery/Libraries/STM32F4xx_StdPeriph_Driver/src/misc.c ****   *                                1 bits for subpriority
 106:App/STM32F4-Discovery/Libraries/STM32F4xx_StdPeriph_Driver/src/misc.c ****   *     @arg NVIC_PriorityGroup_4: 4 bits for pre-emption priority
 107:App/STM32F4-Discovery/Libraries/STM32F4xx_StdPeriph_Driver/src/misc.c ****   *                                0 bits for subpriority
 108:App/STM32F4-Discovery/Libraries/STM32F4xx_StdPeriph_Driver/src/misc.c ****   * @note   When the NVIC_PriorityGroup_0 is selected, IRQ pre-emption is no more possible. 
 109:App/STM32F4-Discovery/Libraries/STM32F4xx_StdPeriph_Driver/src/misc.c ****   *         The pending IRQ priority will be managed only by the subpriority. 
 110:App/STM32F4-Discovery/Libraries/STM32F4xx_StdPeriph_Driver/src/misc.c ****   * @retval None
 111:App/STM32F4-Discovery/Libraries/STM32F4xx_StdPeriph_Driver/src/misc.c ****   */
 112:App/STM32F4-Discovery/Libraries/STM32F4xx_StdPeriph_Driver/src/misc.c **** void NVIC_PriorityGroupConfig(uint32_t NVIC_PriorityGroup)
 113:App/STM32F4-Discovery/Libraries/STM32F4xx_StdPeriph_Driver/src/misc.c **** {
  33              		.loc 1 113 0
  34              		.cfi_startproc
  35              		@ args = 0, pretend = 0, frame = 8
  36              		@ frame_needed = 1, uses_anonymous_args = 0
  37 0000 80B5     		push	{r7, lr}
  38              	.LCFI0:
  39              		.cfi_def_cfa_offset 8
  40              		.cfi_offset 7, -8
  41              		.cfi_offset 14, -4
  42 0002 82B0     		sub	sp, sp, #8
  43              	.LCFI1:
  44              		.cfi_def_cfa_offset 16
  45 0004 00AF     		add	r7, sp, #0
  46              	.LCFI2:
  47              		.cfi_def_cfa_register 7
  48 0006 7860     		str	r0, [r7, #4]
 114:App/STM32F4-Discovery/Libraries/STM32F4xx_StdPeriph_Driver/src/misc.c ****   /* Check the parameters */
 115:App/STM32F4-Discovery/Libraries/STM32F4xx_StdPeriph_Driver/src/misc.c ****   assert_param(IS_NVIC_PRIORITY_GROUP(NVIC_PriorityGroup));
  49              		.loc 1 115 0
  50 0008 7B68     		ldr	r3, [r7, #4]
  51 000a B3F5E06F 		cmp	r3, #1792
  52 000e 13D0     		beq	.L2
  53              		.loc 1 115 0 is_stmt 0 discriminator 1
  54 0010 7B68     		ldr	r3, [r7, #4]
  55 0012 B3F5C06F 		cmp	r3, #1536
  56 0016 0FD0     		beq	.L2
  57 0018 7B68     		ldr	r3, [r7, #4]
  58 001a B3F5A06F 		cmp	r3, #1280
  59 001e 0BD0     		beq	.L2
  60 0020 7B68     		ldr	r3, [r7, #4]
  61 0022 B3F5806F 		cmp	r3, #1024
  62 0026 07D0     		beq	.L2
  63 0028 7B68     		ldr	r3, [r7, #4]
  64 002a B3F5407F 		cmp	r3, #768
  65 002e 03D0     		beq	.L2
  66 0030 0648     		ldr	r0, .L3
  67 0032 7321     		movs	r1, #115
  68 0034 FFF7FEFF 		bl	assert_failed
  69              	.L2:
 116:App/STM32F4-Discovery/Libraries/STM32F4xx_StdPeriph_Driver/src/misc.c ****   
 117:App/STM32F4-Discovery/Libraries/STM32F4xx_StdPeriph_Driver/src/misc.c ****   /* Set the PRIGROUP[10:8] bits according to NVIC_PriorityGroup value */
 118:App/STM32F4-Discovery/Libraries/STM32F4xx_StdPeriph_Driver/src/misc.c ****   SCB->AIRCR = AIRCR_VECTKEY_MASK | NVIC_PriorityGroup;
  70              		.loc 1 118 0 is_stmt 1
  71 0038 054A     		ldr	r2, .L3+4
  72 003a 7B68     		ldr	r3, [r7, #4]
  73 003c 43F0BF63 		orr	r3, r3, #100139008
  74 0040 43F40033 		orr	r3, r3, #131072
  75 0044 D360     		str	r3, [r2, #12]
 119:App/STM32F4-Discovery/Libraries/STM32F4xx_StdPeriph_Driver/src/misc.c **** }
  76              		.loc 1 119 0
  77 0046 0837     		adds	r7, r7, #8
  78 0048 BD46     		mov	sp, r7
  79              		@ sp needed
  80 004a 80BD     		pop	{r7, pc}
  81              	.L4:
  82              		.align	2
  83              	.L3:
  84 004c 00000000 		.word	.LC0
  85 0050 00ED00E0 		.word	-536810240
  86              		.cfi_endproc
  87              	.LFE110:
  89              		.section	.text.NVIC_Init,"ax",%progbits
  90              		.align	2
  91              		.global	NVIC_Init
  92              		.thumb
  93              		.thumb_func
  95              	NVIC_Init:
  96              	.LFB111:
 120:App/STM32F4-Discovery/Libraries/STM32F4xx_StdPeriph_Driver/src/misc.c **** 
 121:App/STM32F4-Discovery/Libraries/STM32F4xx_StdPeriph_Driver/src/misc.c **** /**
 122:App/STM32F4-Discovery/Libraries/STM32F4xx_StdPeriph_Driver/src/misc.c ****   * @brief  Initializes the NVIC peripheral according to the specified
 123:App/STM32F4-Discovery/Libraries/STM32F4xx_StdPeriph_Driver/src/misc.c ****   *         parameters in the NVIC_InitStruct.
 124:App/STM32F4-Discovery/Libraries/STM32F4xx_StdPeriph_Driver/src/misc.c ****   * @note   To configure interrupts priority correctly, the NVIC_PriorityGroupConfig()
 125:App/STM32F4-Discovery/Libraries/STM32F4xx_StdPeriph_Driver/src/misc.c ****   *         function should be called before. 
 126:App/STM32F4-Discovery/Libraries/STM32F4xx_StdPeriph_Driver/src/misc.c ****   * @param  NVIC_InitStruct: pointer to a NVIC_InitTypeDef structure that contains
 127:App/STM32F4-Discovery/Libraries/STM32F4xx_StdPeriph_Driver/src/misc.c ****   *         the configuration information for the specified NVIC peripheral.
 128:App/STM32F4-Discovery/Libraries/STM32F4xx_StdPeriph_Driver/src/misc.c ****   * @retval None
 129:App/STM32F4-Discovery/Libraries/STM32F4xx_StdPeriph_Driver/src/misc.c ****   */
 130:App/STM32F4-Discovery/Libraries/STM32F4xx_StdPeriph_Driver/src/misc.c **** void NVIC_Init(NVIC_InitTypeDef* NVIC_InitStruct)
 131:App/STM32F4-Discovery/Libraries/STM32F4xx_StdPeriph_Driver/src/misc.c **** {
  97              		.loc 1 131 0
  98              		.cfi_startproc
  99              		@ args = 0, pretend = 0, frame = 16
 100              		@ frame_needed = 1, uses_anonymous_args = 0
 101 0000 80B5     		push	{r7, lr}
 102              	.LCFI3:
 103              		.cfi_def_cfa_offset 8
 104              		.cfi_offset 7, -8
 105              		.cfi_offset 14, -4
 106 0002 84B0     		sub	sp, sp, #16
 107              	.LCFI4:
 108              		.cfi_def_cfa_offset 24
 109 0004 00AF     		add	r7, sp, #0
 110              	.LCFI5:
 111              		.cfi_def_cfa_register 7
 112 0006 7860     		str	r0, [r7, #4]
 132:App/STM32F4-Discovery/Libraries/STM32F4xx_StdPeriph_Driver/src/misc.c ****   uint8_t tmppriority = 0x00, tmppre = 0x00, tmpsub = 0x0F;
 113              		.loc 1 132 0
 114 0008 0023     		movs	r3, #0
 115 000a FB73     		strb	r3, [r7, #15]
 116 000c 0023     		movs	r3, #0
 117 000e BB73     		strb	r3, [r7, #14]
 118 0010 0F23     		movs	r3, #15
 119 0012 7B73     		strb	r3, [r7, #13]
 133:App/STM32F4-Discovery/Libraries/STM32F4xx_StdPeriph_Driver/src/misc.c ****   
 134:App/STM32F4-Discovery/Libraries/STM32F4xx_StdPeriph_Driver/src/misc.c ****   /* Check the parameters */
 135:App/STM32F4-Discovery/Libraries/STM32F4xx_StdPeriph_Driver/src/misc.c ****   assert_param(IS_FUNCTIONAL_STATE(NVIC_InitStruct->NVIC_IRQChannelCmd));
 120              		.loc 1 135 0
 121 0014 7B68     		ldr	r3, [r7, #4]
 122 0016 DB78     		ldrb	r3, [r3, #3]	@ zero_extendqisi2
 123 0018 002B     		cmp	r3, #0
 124 001a 07D0     		beq	.L6
 125              		.loc 1 135 0 is_stmt 0 discriminator 1
 126 001c 7B68     		ldr	r3, [r7, #4]
 127 001e DB78     		ldrb	r3, [r3, #3]	@ zero_extendqisi2
 128 0020 012B     		cmp	r3, #1
 129 0022 03D0     		beq	.L6
 130 0024 3048     		ldr	r0, .L11
 131 0026 8721     		movs	r1, #135
 132 0028 FFF7FEFF 		bl	assert_failed
 133              	.L6:
 136:App/STM32F4-Discovery/Libraries/STM32F4xx_StdPeriph_Driver/src/misc.c ****   assert_param(IS_NVIC_PREEMPTION_PRIORITY(NVIC_InitStruct->NVIC_IRQChannelPreemptionPriority));  
 134              		.loc 1 136 0 is_stmt 1
 135 002c 7B68     		ldr	r3, [r7, #4]
 136 002e 5B78     		ldrb	r3, [r3, #1]	@ zero_extendqisi2
 137 0030 0F2B     		cmp	r3, #15
 138 0032 03D9     		bls	.L7
 139              		.loc 1 136 0 is_stmt 0 discriminator 1
 140 0034 2C48     		ldr	r0, .L11
 141 0036 8821     		movs	r1, #136
 142 0038 FFF7FEFF 		bl	assert_failed
 143              	.L7:
 137:App/STM32F4-Discovery/Libraries/STM32F4xx_StdPeriph_Driver/src/misc.c ****   assert_param(IS_NVIC_SUB_PRIORITY(NVIC_InitStruct->NVIC_IRQChannelSubPriority));
 144              		.loc 1 137 0 is_stmt 1
 145 003c 7B68     		ldr	r3, [r7, #4]
 146 003e 9B78     		ldrb	r3, [r3, #2]	@ zero_extendqisi2
 147 0040 0F2B     		cmp	r3, #15
 148 0042 03D9     		bls	.L8
 149              		.loc 1 137 0 is_stmt 0 discriminator 1
 150 0044 2848     		ldr	r0, .L11
 151 0046 8921     		movs	r1, #137
 152 0048 FFF7FEFF 		bl	assert_failed
 153              	.L8:
 138:App/STM32F4-Discovery/Libraries/STM32F4xx_StdPeriph_Driver/src/misc.c ****     
 139:App/STM32F4-Discovery/Libraries/STM32F4xx_StdPeriph_Driver/src/misc.c ****   if (NVIC_InitStruct->NVIC_IRQChannelCmd != DISABLE)
 154              		.loc 1 139 0 is_stmt 1
 155 004c 7B68     		ldr	r3, [r7, #4]
 156 004e DB78     		ldrb	r3, [r3, #3]	@ zero_extendqisi2
 157 0050 002B     		cmp	r3, #0
 158 0052 37D0     		beq	.L9
 140:App/STM32F4-Discovery/Libraries/STM32F4xx_StdPeriph_Driver/src/misc.c ****   {
 141:App/STM32F4-Discovery/Libraries/STM32F4xx_StdPeriph_Driver/src/misc.c ****     /* Compute the Corresponding IRQ Priority --------------------------------*/    
 142:App/STM32F4-Discovery/Libraries/STM32F4xx_StdPeriph_Driver/src/misc.c ****     tmppriority = (0x700 - ((SCB->AIRCR) & (uint32_t)0x700))>> 0x08;
 159              		.loc 1 142 0
 160 0054 254B     		ldr	r3, .L11+4
 161 0056 DB68     		ldr	r3, [r3, #12]
 162 0058 DB43     		mvns	r3, r3
 163 005a 03F4E063 		and	r3, r3, #1792
 164 005e 1B0A     		lsrs	r3, r3, #8
 165 0060 FB73     		strb	r3, [r7, #15]
 143:App/STM32F4-Discovery/Libraries/STM32F4xx_StdPeriph_Driver/src/misc.c ****     tmppre = (0x4 - tmppriority);
 166              		.loc 1 143 0
 167 0062 FB7B     		ldrb	r3, [r7, #15]
 168 0064 C3F10403 		rsb	r3, r3, #4
 169 0068 BB73     		strb	r3, [r7, #14]
 144:App/STM32F4-Discovery/Libraries/STM32F4xx_StdPeriph_Driver/src/misc.c ****     tmpsub = tmpsub >> tmppriority;
 170              		.loc 1 144 0
 171 006a 7A7B     		ldrb	r2, [r7, #13]	@ zero_extendqisi2
 172 006c FB7B     		ldrb	r3, [r7, #15]	@ zero_extendqisi2
 173 006e 42FA03F3 		asr	r3, r2, r3
 174 0072 7B73     		strb	r3, [r7, #13]
 145:App/STM32F4-Discovery/Libraries/STM32F4xx_StdPeriph_Driver/src/misc.c **** 
 146:App/STM32F4-Discovery/Libraries/STM32F4xx_StdPeriph_Driver/src/misc.c ****     tmppriority = NVIC_InitStruct->NVIC_IRQChannelPreemptionPriority << tmppre;
 175              		.loc 1 146 0
 176 0074 7B68     		ldr	r3, [r7, #4]
 177 0076 5B78     		ldrb	r3, [r3, #1]	@ zero_extendqisi2
 178 0078 1A46     		mov	r2, r3
 179 007a BB7B     		ldrb	r3, [r7, #14]	@ zero_extendqisi2
 180 007c 02FA03F3 		lsl	r3, r2, r3
 181 0080 FB73     		strb	r3, [r7, #15]
 147:App/STM32F4-Discovery/Libraries/STM32F4xx_StdPeriph_Driver/src/misc.c ****     tmppriority |=  (uint8_t)(NVIC_InitStruct->NVIC_IRQChannelSubPriority & tmpsub);
 182              		.loc 1 147 0
 183 0082 7B68     		ldr	r3, [r7, #4]
 184 0084 9A78     		ldrb	r2, [r3, #2]	@ zero_extendqisi2
 185 0086 7B7B     		ldrb	r3, [r7, #13]
 186 0088 1340     		ands	r3, r3, r2
 187 008a DAB2     		uxtb	r2, r3
 188 008c FB7B     		ldrb	r3, [r7, #15]
 189 008e 1343     		orrs	r3, r3, r2
 190 0090 FB73     		strb	r3, [r7, #15]
 148:App/STM32F4-Discovery/Libraries/STM32F4xx_StdPeriph_Driver/src/misc.c ****         
 149:App/STM32F4-Discovery/Libraries/STM32F4xx_StdPeriph_Driver/src/misc.c ****     tmppriority = tmppriority << 0x04;
 191              		.loc 1 149 0
 192 0092 FB7B     		ldrb	r3, [r7, #15]
 193 0094 1B01     		lsls	r3, r3, #4
 194 0096 FB73     		strb	r3, [r7, #15]
 150:App/STM32F4-Discovery/Libraries/STM32F4xx_StdPeriph_Driver/src/misc.c ****         
 151:App/STM32F4-Discovery/Libraries/STM32F4xx_StdPeriph_Driver/src/misc.c ****     NVIC->IP[NVIC_InitStruct->NVIC_IRQChannel] = tmppriority;
 195              		.loc 1 151 0
 196 0098 154A     		ldr	r2, .L11+8
 197 009a 7B68     		ldr	r3, [r7, #4]
 198 009c 1B78     		ldrb	r3, [r3]	@ zero_extendqisi2
 199 009e 1344     		add	r3, r3, r2
 200 00a0 FA7B     		ldrb	r2, [r7, #15]
 201 00a2 83F80023 		strb	r2, [r3, #768]
 152:App/STM32F4-Discovery/Libraries/STM32F4xx_StdPeriph_Driver/src/misc.c ****     
 153:App/STM32F4-Discovery/Libraries/STM32F4xx_StdPeriph_Driver/src/misc.c ****     /* Enable the Selected IRQ Channels --------------------------------------*/
 154:App/STM32F4-Discovery/Libraries/STM32F4xx_StdPeriph_Driver/src/misc.c ****     NVIC->ISER[NVIC_InitStruct->NVIC_IRQChannel >> 0x05] =
 202              		.loc 1 154 0
 203 00a6 124B     		ldr	r3, .L11+8
 204 00a8 7A68     		ldr	r2, [r7, #4]
 205 00aa 1278     		ldrb	r2, [r2]	@ zero_extendqisi2
 206 00ac 5209     		lsrs	r2, r2, #5
 207 00ae D2B2     		uxtb	r2, r2
 155:App/STM32F4-Discovery/Libraries/STM32F4xx_StdPeriph_Driver/src/misc.c ****       (uint32_t)0x01 << (NVIC_InitStruct->NVIC_IRQChannel & (uint8_t)0x1F);
 208              		.loc 1 155 0
 209 00b0 7968     		ldr	r1, [r7, #4]
 210 00b2 0978     		ldrb	r1, [r1]	@ zero_extendqisi2
 211 00b4 01F01F01 		and	r1, r1, #31
 212 00b8 0120     		movs	r0, #1
 213 00ba 00FA01F1 		lsl	r1, r0, r1
 154:App/STM32F4-Discovery/Libraries/STM32F4xx_StdPeriph_Driver/src/misc.c ****     NVIC->ISER[NVIC_InitStruct->NVIC_IRQChannel >> 0x05] =
 214              		.loc 1 154 0
 215 00be 43F82210 		str	r1, [r3, r2, lsl #2]
 216 00c2 0EE0     		b	.L5
 217              	.L9:
 156:App/STM32F4-Discovery/Libraries/STM32F4xx_StdPeriph_Driver/src/misc.c ****   }
 157:App/STM32F4-Discovery/Libraries/STM32F4xx_StdPeriph_Driver/src/misc.c ****   else
 158:App/STM32F4-Discovery/Libraries/STM32F4xx_StdPeriph_Driver/src/misc.c ****   {
 159:App/STM32F4-Discovery/Libraries/STM32F4xx_StdPeriph_Driver/src/misc.c ****     /* Disable the Selected IRQ Channels -------------------------------------*/
 160:App/STM32F4-Discovery/Libraries/STM32F4xx_StdPeriph_Driver/src/misc.c ****     NVIC->ICER[NVIC_InitStruct->NVIC_IRQChannel >> 0x05] =
 218              		.loc 1 160 0
 219 00c4 0A4B     		ldr	r3, .L11+8
 220 00c6 7A68     		ldr	r2, [r7, #4]
 221 00c8 1278     		ldrb	r2, [r2]	@ zero_extendqisi2
 222 00ca 5209     		lsrs	r2, r2, #5
 223 00cc D2B2     		uxtb	r2, r2
 161:App/STM32F4-Discovery/Libraries/STM32F4xx_StdPeriph_Driver/src/misc.c ****       (uint32_t)0x01 << (NVIC_InitStruct->NVIC_IRQChannel & (uint8_t)0x1F);
 224              		.loc 1 161 0
 225 00ce 7968     		ldr	r1, [r7, #4]
 226 00d0 0978     		ldrb	r1, [r1]	@ zero_extendqisi2
 227 00d2 01F01F01 		and	r1, r1, #31
 228 00d6 0120     		movs	r0, #1
 229 00d8 00FA01F1 		lsl	r1, r0, r1
 160:App/STM32F4-Discovery/Libraries/STM32F4xx_StdPeriph_Driver/src/misc.c ****     NVIC->ICER[NVIC_InitStruct->NVIC_IRQChannel >> 0x05] =
 230              		.loc 1 160 0
 231 00dc 2032     		adds	r2, r2, #32
 232 00de 43F82210 		str	r1, [r3, r2, lsl #2]
 233              	.L5:
 162:App/STM32F4-Discovery/Libraries/STM32F4xx_StdPeriph_Driver/src/misc.c ****   }
 163:App/STM32F4-Discovery/Libraries/STM32F4xx_StdPeriph_Driver/src/misc.c **** }
 234              		.loc 1 163 0
 235 00e2 1037     		adds	r7, r7, #16
 236 00e4 BD46     		mov	sp, r7
 237              		@ sp needed
 238 00e6 80BD     		pop	{r7, pc}
 239              	.L12:
 240              		.align	2
 241              	.L11:
 242 00e8 00000000 		.word	.LC0
 243 00ec 00ED00E0 		.word	-536810240
 244 00f0 00E100E0 		.word	-536813312
 245              		.cfi_endproc
 246              	.LFE111:
 248              		.section	.text.NVIC_SetVectorTable,"ax",%progbits
 249              		.align	2
 250              		.global	NVIC_SetVectorTable
 251              		.thumb
 252              		.thumb_func
 254              	NVIC_SetVectorTable:
 255              	.LFB112:
 164:App/STM32F4-Discovery/Libraries/STM32F4xx_StdPeriph_Driver/src/misc.c **** 
 165:App/STM32F4-Discovery/Libraries/STM32F4xx_StdPeriph_Driver/src/misc.c **** /**
 166:App/STM32F4-Discovery/Libraries/STM32F4xx_StdPeriph_Driver/src/misc.c ****   * @brief  Sets the vector table location and Offset.
 167:App/STM32F4-Discovery/Libraries/STM32F4xx_StdPeriph_Driver/src/misc.c ****   * @param  NVIC_VectTab: specifies if the vector table is in RAM or FLASH memory.
 168:App/STM32F4-Discovery/Libraries/STM32F4xx_StdPeriph_Driver/src/misc.c ****   *   This parameter can be one of the following values:
 169:App/STM32F4-Discovery/Libraries/STM32F4xx_StdPeriph_Driver/src/misc.c ****   *     @arg NVIC_VectTab_RAM: Vector Table in internal SRAM.
 170:App/STM32F4-Discovery/Libraries/STM32F4xx_StdPeriph_Driver/src/misc.c ****   *     @arg NVIC_VectTab_FLASH: Vector Table in internal FLASH.
 171:App/STM32F4-Discovery/Libraries/STM32F4xx_StdPeriph_Driver/src/misc.c ****   * @param  Offset: Vector Table base offset field. This value must be a multiple of 0x200.
 172:App/STM32F4-Discovery/Libraries/STM32F4xx_StdPeriph_Driver/src/misc.c ****   * @retval None
 173:App/STM32F4-Discovery/Libraries/STM32F4xx_StdPeriph_Driver/src/misc.c ****   */
 174:App/STM32F4-Discovery/Libraries/STM32F4xx_StdPeriph_Driver/src/misc.c **** void NVIC_SetVectorTable(uint32_t NVIC_VectTab, uint32_t Offset)
 175:App/STM32F4-Discovery/Libraries/STM32F4xx_StdPeriph_Driver/src/misc.c **** { 
 256              		.loc 1 175 0
 257              		.cfi_startproc
 258              		@ args = 0, pretend = 0, frame = 8
 259              		@ frame_needed = 1, uses_anonymous_args = 0
 260 0000 80B5     		push	{r7, lr}
 261              	.LCFI6:
 262              		.cfi_def_cfa_offset 8
 263              		.cfi_offset 7, -8
 264              		.cfi_offset 14, -4
 265 0002 82B0     		sub	sp, sp, #8
 266              	.LCFI7:
 267              		.cfi_def_cfa_offset 16
 268 0004 00AF     		add	r7, sp, #0
 269              	.LCFI8:
 270              		.cfi_def_cfa_register 7
 271 0006 7860     		str	r0, [r7, #4]
 272 0008 3960     		str	r1, [r7]
 176:App/STM32F4-Discovery/Libraries/STM32F4xx_StdPeriph_Driver/src/misc.c ****   /* Check the parameters */
 177:App/STM32F4-Discovery/Libraries/STM32F4xx_StdPeriph_Driver/src/misc.c ****   assert_param(IS_NVIC_VECTTAB(NVIC_VectTab));
 273              		.loc 1 177 0
 274 000a 7B68     		ldr	r3, [r7, #4]
 275 000c B3F1005F 		cmp	r3, #536870912
 276 0010 07D0     		beq	.L14
 277              		.loc 1 177 0 is_stmt 0 discriminator 1
 278 0012 7B68     		ldr	r3, [r7, #4]
 279 0014 B3F1006F 		cmp	r3, #134217728
 280 0018 03D0     		beq	.L14
 281 001a 0C48     		ldr	r0, .L16
 282 001c B121     		movs	r1, #177
 283 001e FFF7FEFF 		bl	assert_failed
 284              	.L14:
 178:App/STM32F4-Discovery/Libraries/STM32F4xx_StdPeriph_Driver/src/misc.c ****   assert_param(IS_NVIC_OFFSET(Offset));  
 285              		.loc 1 178 0 is_stmt 1
 286 0022 3A68     		ldr	r2, [r7]
 287 0024 0A4B     		ldr	r3, .L16+4
 288 0026 9A42     		cmp	r2, r3
 289 0028 03D9     		bls	.L15
 290              		.loc 1 178 0 is_stmt 0 discriminator 1
 291 002a 0848     		ldr	r0, .L16
 292 002c B221     		movs	r1, #178
 293 002e FFF7FEFF 		bl	assert_failed
 294              	.L15:
 179:App/STM32F4-Discovery/Libraries/STM32F4xx_StdPeriph_Driver/src/misc.c ****    
 180:App/STM32F4-Discovery/Libraries/STM32F4xx_StdPeriph_Driver/src/misc.c ****   SCB->VTOR = NVIC_VectTab | (Offset & (uint32_t)0x1FFFFF80);
 295              		.loc 1 180 0 is_stmt 1
 296 0032 084A     		ldr	r2, .L16+8
 297 0034 3B68     		ldr	r3, [r7]
 298 0036 23F06043 		bic	r3, r3, #-536870912
 299 003a 23F07F03 		bic	r3, r3, #127
 300 003e 7968     		ldr	r1, [r7, #4]
 301 0040 0B43     		orrs	r3, r3, r1
 302 0042 9360     		str	r3, [r2, #8]
 181:App/STM32F4-Discovery/Libraries/STM32F4xx_StdPeriph_Driver/src/misc.c **** }
 303              		.loc 1 181 0
 304 0044 0837     		adds	r7, r7, #8
 305 0046 BD46     		mov	sp, r7
 306              		@ sp needed
 307 0048 80BD     		pop	{r7, pc}
 308              	.L17:
 309 004a 00BF     		.align	2
 310              	.L16:
 311 004c 00000000 		.word	.LC0
 312 0050 FEFF0F00 		.word	1048574
 313 0054 00ED00E0 		.word	-536810240
 314              		.cfi_endproc
 315              	.LFE112:
 317              		.section	.text.NVIC_SystemLPConfig,"ax",%progbits
 318              		.align	2
 319              		.global	NVIC_SystemLPConfig
 320              		.thumb
 321              		.thumb_func
 323              	NVIC_SystemLPConfig:
 324              	.LFB113:
 182:App/STM32F4-Discovery/Libraries/STM32F4xx_StdPeriph_Driver/src/misc.c **** 
 183:App/STM32F4-Discovery/Libraries/STM32F4xx_StdPeriph_Driver/src/misc.c **** /**
 184:App/STM32F4-Discovery/Libraries/STM32F4xx_StdPeriph_Driver/src/misc.c ****   * @brief  Selects the condition for the system to enter low power mode.
 185:App/STM32F4-Discovery/Libraries/STM32F4xx_StdPeriph_Driver/src/misc.c ****   * @param  LowPowerMode: Specifies the new mode for the system to enter low power mode.
 186:App/STM32F4-Discovery/Libraries/STM32F4xx_StdPeriph_Driver/src/misc.c ****   *   This parameter can be one of the following values:
 187:App/STM32F4-Discovery/Libraries/STM32F4xx_StdPeriph_Driver/src/misc.c ****   *     @arg NVIC_LP_SEVONPEND: Low Power SEV on Pend.
 188:App/STM32F4-Discovery/Libraries/STM32F4xx_StdPeriph_Driver/src/misc.c ****   *     @arg NVIC_LP_SLEEPDEEP: Low Power DEEPSLEEP request.
 189:App/STM32F4-Discovery/Libraries/STM32F4xx_StdPeriph_Driver/src/misc.c ****   *     @arg NVIC_LP_SLEEPONEXIT: Low Power Sleep on Exit.
 190:App/STM32F4-Discovery/Libraries/STM32F4xx_StdPeriph_Driver/src/misc.c ****   * @param  NewState: new state of LP condition. This parameter can be: ENABLE or DISABLE.
 191:App/STM32F4-Discovery/Libraries/STM32F4xx_StdPeriph_Driver/src/misc.c ****   * @retval None
 192:App/STM32F4-Discovery/Libraries/STM32F4xx_StdPeriph_Driver/src/misc.c ****   */
 193:App/STM32F4-Discovery/Libraries/STM32F4xx_StdPeriph_Driver/src/misc.c **** void NVIC_SystemLPConfig(uint8_t LowPowerMode, FunctionalState NewState)
 194:App/STM32F4-Discovery/Libraries/STM32F4xx_StdPeriph_Driver/src/misc.c **** {
 325              		.loc 1 194 0
 326              		.cfi_startproc
 327              		@ args = 0, pretend = 0, frame = 8
 328              		@ frame_needed = 1, uses_anonymous_args = 0
 329 0000 80B5     		push	{r7, lr}
 330              	.LCFI9:
 331              		.cfi_def_cfa_offset 8
 332              		.cfi_offset 7, -8
 333              		.cfi_offset 14, -4
 334 0002 82B0     		sub	sp, sp, #8
 335              	.LCFI10:
 336              		.cfi_def_cfa_offset 16
 337 0004 00AF     		add	r7, sp, #0
 338              	.LCFI11:
 339              		.cfi_def_cfa_register 7
 340 0006 0246     		mov	r2, r0
 341 0008 0B46     		mov	r3, r1
 342 000a FA71     		strb	r2, [r7, #7]
 343 000c BB71     		strb	r3, [r7, #6]
 195:App/STM32F4-Discovery/Libraries/STM32F4xx_StdPeriph_Driver/src/misc.c ****   /* Check the parameters */
 196:App/STM32F4-Discovery/Libraries/STM32F4xx_StdPeriph_Driver/src/misc.c ****   assert_param(IS_NVIC_LP(LowPowerMode));
 344              		.loc 1 196 0
 345 000e FB79     		ldrb	r3, [r7, #7]	@ zero_extendqisi2
 346 0010 102B     		cmp	r3, #16
 347 0012 09D0     		beq	.L19
 348              		.loc 1 196 0 is_stmt 0 discriminator 1
 349 0014 FB79     		ldrb	r3, [r7, #7]	@ zero_extendqisi2
 350 0016 042B     		cmp	r3, #4
 351 0018 06D0     		beq	.L19
 352 001a FB79     		ldrb	r3, [r7, #7]	@ zero_extendqisi2
 353 001c 022B     		cmp	r3, #2
 354 001e 03D0     		beq	.L19
 355 0020 1048     		ldr	r0, .L23
 356 0022 C421     		movs	r1, #196
 357 0024 FFF7FEFF 		bl	assert_failed
 358              	.L19:
 197:App/STM32F4-Discovery/Libraries/STM32F4xx_StdPeriph_Driver/src/misc.c ****   assert_param(IS_FUNCTIONAL_STATE(NewState));  
 359              		.loc 1 197 0 is_stmt 1
 360 0028 BB79     		ldrb	r3, [r7, #6]	@ zero_extendqisi2
 361 002a 002B     		cmp	r3, #0
 362 002c 06D0     		beq	.L20
 363              		.loc 1 197 0 is_stmt 0 discriminator 1
 364 002e BB79     		ldrb	r3, [r7, #6]	@ zero_extendqisi2
 365 0030 012B     		cmp	r3, #1
 366 0032 03D0     		beq	.L20
 367 0034 0B48     		ldr	r0, .L23
 368 0036 C521     		movs	r1, #197
 369 0038 FFF7FEFF 		bl	assert_failed
 370              	.L20:
 198:App/STM32F4-Discovery/Libraries/STM32F4xx_StdPeriph_Driver/src/misc.c ****   
 199:App/STM32F4-Discovery/Libraries/STM32F4xx_StdPeriph_Driver/src/misc.c ****   if (NewState != DISABLE)
 371              		.loc 1 199 0 is_stmt 1
 372 003c BB79     		ldrb	r3, [r7, #6]	@ zero_extendqisi2
 373 003e 002B     		cmp	r3, #0
 374 0040 06D0     		beq	.L21
 200:App/STM32F4-Discovery/Libraries/STM32F4xx_StdPeriph_Driver/src/misc.c ****   {
 201:App/STM32F4-Discovery/Libraries/STM32F4xx_StdPeriph_Driver/src/misc.c ****     SCB->SCR |= LowPowerMode;
 375              		.loc 1 201 0
 376 0042 094B     		ldr	r3, .L23+4
 377 0044 084A     		ldr	r2, .L23+4
 378 0046 1169     		ldr	r1, [r2, #16]
 379 0048 FA79     		ldrb	r2, [r7, #7]	@ zero_extendqisi2
 380 004a 0A43     		orrs	r2, r2, r1
 381 004c 1A61     		str	r2, [r3, #16]
 382 004e 06E0     		b	.L18
 383              	.L21:
 202:App/STM32F4-Discovery/Libraries/STM32F4xx_StdPeriph_Driver/src/misc.c ****   }
 203:App/STM32F4-Discovery/Libraries/STM32F4xx_StdPeriph_Driver/src/misc.c ****   else
 204:App/STM32F4-Discovery/Libraries/STM32F4xx_StdPeriph_Driver/src/misc.c ****   {
 205:App/STM32F4-Discovery/Libraries/STM32F4xx_StdPeriph_Driver/src/misc.c ****     SCB->SCR &= (uint32_t)(~(uint32_t)LowPowerMode);
 384              		.loc 1 205 0
 385 0050 054B     		ldr	r3, .L23+4
 386 0052 054A     		ldr	r2, .L23+4
 387 0054 1169     		ldr	r1, [r2, #16]
 388 0056 FA79     		ldrb	r2, [r7, #7]	@ zero_extendqisi2
 389 0058 D243     		mvns	r2, r2
 390 005a 0A40     		ands	r2, r2, r1
 391 005c 1A61     		str	r2, [r3, #16]
 392              	.L18:
 206:App/STM32F4-Discovery/Libraries/STM32F4xx_StdPeriph_Driver/src/misc.c ****   }
 207:App/STM32F4-Discovery/Libraries/STM32F4xx_StdPeriph_Driver/src/misc.c **** }
 393              		.loc 1 207 0
 394 005e 0837     		adds	r7, r7, #8
 395 0060 BD46     		mov	sp, r7
 396              		@ sp needed
 397 0062 80BD     		pop	{r7, pc}
 398              	.L24:
 399              		.align	2
 400              	.L23:
 401 0064 00000000 		.word	.LC0
 402 0068 00ED00E0 		.word	-536810240
 403              		.cfi_endproc
 404              	.LFE113:
 406              		.section	.text.SysTick_CLKSourceConfig,"ax",%progbits
 407              		.align	2
 408              		.global	SysTick_CLKSourceConfig
 409              		.thumb
 410              		.thumb_func
 412              	SysTick_CLKSourceConfig:
 413              	.LFB114:
 208:App/STM32F4-Discovery/Libraries/STM32F4xx_StdPeriph_Driver/src/misc.c **** 
 209:App/STM32F4-Discovery/Libraries/STM32F4xx_StdPeriph_Driver/src/misc.c **** /**
 210:App/STM32F4-Discovery/Libraries/STM32F4xx_StdPeriph_Driver/src/misc.c ****   * @brief  Configures the SysTick clock source.
 211:App/STM32F4-Discovery/Libraries/STM32F4xx_StdPeriph_Driver/src/misc.c ****   * @param  SysTick_CLKSource: specifies the SysTick clock source.
 212:App/STM32F4-Discovery/Libraries/STM32F4xx_StdPeriph_Driver/src/misc.c ****   *   This parameter can be one of the following values:
 213:App/STM32F4-Discovery/Libraries/STM32F4xx_StdPeriph_Driver/src/misc.c ****   *     @arg SysTick_CLKSource_HCLK_Div8: AHB clock divided by 8 selected as SysTick clock source.
 214:App/STM32F4-Discovery/Libraries/STM32F4xx_StdPeriph_Driver/src/misc.c ****   *     @arg SysTick_CLKSource_HCLK: AHB clock selected as SysTick clock source.
 215:App/STM32F4-Discovery/Libraries/STM32F4xx_StdPeriph_Driver/src/misc.c ****   * @retval None
 216:App/STM32F4-Discovery/Libraries/STM32F4xx_StdPeriph_Driver/src/misc.c ****   */
 217:App/STM32F4-Discovery/Libraries/STM32F4xx_StdPeriph_Driver/src/misc.c **** void SysTick_CLKSourceConfig(uint32_t SysTick_CLKSource)
 218:App/STM32F4-Discovery/Libraries/STM32F4xx_StdPeriph_Driver/src/misc.c **** {
 414              		.loc 1 218 0
 415              		.cfi_startproc
 416              		@ args = 0, pretend = 0, frame = 8
 417              		@ frame_needed = 1, uses_anonymous_args = 0
 418 0000 80B5     		push	{r7, lr}
 419              	.LCFI12:
 420              		.cfi_def_cfa_offset 8
 421              		.cfi_offset 7, -8
 422              		.cfi_offset 14, -4
 423 0002 82B0     		sub	sp, sp, #8
 424              	.LCFI13:
 425              		.cfi_def_cfa_offset 16
 426 0004 00AF     		add	r7, sp, #0
 427              	.LCFI14:
 428              		.cfi_def_cfa_register 7
 429 0006 7860     		str	r0, [r7, #4]
 219:App/STM32F4-Discovery/Libraries/STM32F4xx_StdPeriph_Driver/src/misc.c ****   /* Check the parameters */
 220:App/STM32F4-Discovery/Libraries/STM32F4xx_StdPeriph_Driver/src/misc.c ****   assert_param(IS_SYSTICK_CLK_SOURCE(SysTick_CLKSource));
 430              		.loc 1 220 0
 431 0008 7B68     		ldr	r3, [r7, #4]
 432 000a 042B     		cmp	r3, #4
 433 000c 07D0     		beq	.L26
 434              		.loc 1 220 0 is_stmt 0 discriminator 1
 435 000e 7B68     		ldr	r3, [r7, #4]
 436 0010 13F1050F 		cmn	r3, #5
 437 0014 03D0     		beq	.L26
 438 0016 0B48     		ldr	r0, .L29
 439 0018 DC21     		movs	r1, #220
 440 001a FFF7FEFF 		bl	assert_failed
 441              	.L26:
 221:App/STM32F4-Discovery/Libraries/STM32F4xx_StdPeriph_Driver/src/misc.c ****   if (SysTick_CLKSource == SysTick_CLKSource_HCLK)
 442              		.loc 1 221 0 is_stmt 1
 443 001e 7B68     		ldr	r3, [r7, #4]
 444 0020 042B     		cmp	r3, #4
 445 0022 06D1     		bne	.L27
 222:App/STM32F4-Discovery/Libraries/STM32F4xx_StdPeriph_Driver/src/misc.c ****   {
 223:App/STM32F4-Discovery/Libraries/STM32F4xx_StdPeriph_Driver/src/misc.c ****     SysTick->CTRL |= SysTick_CLKSource_HCLK;
 446              		.loc 1 223 0
 447 0024 084B     		ldr	r3, .L29+4
 448 0026 084A     		ldr	r2, .L29+4
 449 0028 1268     		ldr	r2, [r2]
 450 002a 42F00402 		orr	r2, r2, #4
 451 002e 1A60     		str	r2, [r3]
 452 0030 05E0     		b	.L25
 453              	.L27:
 224:App/STM32F4-Discovery/Libraries/STM32F4xx_StdPeriph_Driver/src/misc.c ****   }
 225:App/STM32F4-Discovery/Libraries/STM32F4xx_StdPeriph_Driver/src/misc.c ****   else
 226:App/STM32F4-Discovery/Libraries/STM32F4xx_StdPeriph_Driver/src/misc.c ****   {
 227:App/STM32F4-Discovery/Libraries/STM32F4xx_StdPeriph_Driver/src/misc.c ****     SysTick->CTRL &= SysTick_CLKSource_HCLK_Div8;
 454              		.loc 1 227 0
 455 0032 054B     		ldr	r3, .L29+4
 456 0034 044A     		ldr	r2, .L29+4
 457 0036 1268     		ldr	r2, [r2]
 458 0038 22F00402 		bic	r2, r2, #4
 459 003c 1A60     		str	r2, [r3]
 460              	.L25:
 228:App/STM32F4-Discovery/Libraries/STM32F4xx_StdPeriph_Driver/src/misc.c ****   }
 229:App/STM32F4-Discovery/Libraries/STM32F4xx_StdPeriph_Driver/src/misc.c **** }
 461              		.loc 1 229 0
 462 003e 0837     		adds	r7, r7, #8
 463 0040 BD46     		mov	sp, r7
 464              		@ sp needed
 465 0042 80BD     		pop	{r7, pc}
 466              	.L30:
 467              		.align	2
 468              	.L29:
 469 0044 00000000 		.word	.LC0
 470 0048 10E000E0 		.word	-536813552
 471              		.cfi_endproc
 472              	.LFE114:
 474              		.text
 475              	.Letext0:
 476              		.file 2 "/home/shihyu/data/STM32F4/gcc-arm-none-eabi-4_8-2013q4/arm-none-eabi/include/stdint.h"
 477              		.file 3 "App/STM32F4-Discovery/Libraries/CMSIS/Include/core_cm4.h"
 478              		.file 4 "App/STM32F4-Discovery/Libraries/CMSIS/ST/STM32F4xx/Include/stm32f4xx.h"
 479              		.file 5 "App/STM32F4-Discovery/Libraries/STM32F4xx_StdPeriph_Driver/inc/misc.h"
DEFINED SYMBOLS
                            *ABS*:00000000 misc.c
     /tmp/ccLxnxql.s:20     .rodata:00000000 $d
     /tmp/ccLxnxql.s:25     .text.NVIC_PriorityGroupConfig:00000000 $t
     /tmp/ccLxnxql.s:30     .text.NVIC_PriorityGroupConfig:00000000 NVIC_PriorityGroupConfig
     /tmp/ccLxnxql.s:84     .text.NVIC_PriorityGroupConfig:0000004c $d
     /tmp/ccLxnxql.s:90     .text.NVIC_Init:00000000 $t
     /tmp/ccLxnxql.s:95     .text.NVIC_Init:00000000 NVIC_Init
     /tmp/ccLxnxql.s:242    .text.NVIC_Init:000000e8 $d
     /tmp/ccLxnxql.s:249    .text.NVIC_SetVectorTable:00000000 $t
     /tmp/ccLxnxql.s:254    .text.NVIC_SetVectorTable:00000000 NVIC_SetVectorTable
     /tmp/ccLxnxql.s:311    .text.NVIC_SetVectorTable:0000004c $d
     /tmp/ccLxnxql.s:318    .text.NVIC_SystemLPConfig:00000000 $t
     /tmp/ccLxnxql.s:323    .text.NVIC_SystemLPConfig:00000000 NVIC_SystemLPConfig
     /tmp/ccLxnxql.s:401    .text.NVIC_SystemLPConfig:00000064 $d
     /tmp/ccLxnxql.s:407    .text.SysTick_CLKSourceConfig:00000000 $t
     /tmp/ccLxnxql.s:412    .text.SysTick_CLKSourceConfig:00000000 SysTick_CLKSourceConfig
     /tmp/ccLxnxql.s:469    .text.SysTick_CLKSourceConfig:00000044 $d
                     .debug_frame:00000010 $d

UNDEFINED SYMBOLS
assert_failed
